# JRE version: Java(TM) SE Runtime Environment (8.0_11-b12) (build 1.8.0_11-b12)
# Java VM: Java HotSpot(TM) 64-Bit Server VM (25.11-b03 mixed mode windows-amd64 compressed oops)
Heap:
 PSYoungGen      total 220672K, used 22000K [0x00000000f0000000, 0x0000000100000000, 0x0000000100000000)
  eden space 198656K, 0% used [0x00000000f0000000,0x00000000f0000000,0x00000000fc200000)
  from space 22016K, 99% used [0x00000000fea80000,0x00000000ffffc270,0x0000000100000000)
  to   space 31744K, 0% used [0x00000000fc200000,0x00000000fc200000,0x00000000fe100000)
 ParOldGen       total 107520K, used 100745K [0x00000000d0000000, 0x00000000d6900000, 0x00000000f0000000)
  object space 107520K, 93% used [0x00000000d0000000,0x00000000d62627f0,0x00000000d6900000)
 Metaspace       used 65658K, capacity 67560K, committed 67840K, reserved 1110016K
  class space    used 7308K, capacity 7819K, committed 7936K, reserved 1048576K
GC Heap History (10 events):
Event: 21.987 GC heap before
{Heap before GC invocations=58 (full 6):
 PSYoungGen      total 246784K, used 246609K [0x00000000f0000000, 0x0000000100000000, 0x0000000100000000)
  eden space 235008K, 100% used [0x00000000f0000000,0x00000000fe580000,0x00000000fe580000)
  from space 11776K, 98% used [0x00000000fe580000,0x00000000ff0d4458,0x00000000ff100000)
  to   space 14848K, 0% used [0x00000000ff180000,0x00000000ff180000,0x0000000100000000)
 ParOldGen       total 92160K, used 79363K [0x00000000d0000000, 0x00000000d5a00000, 0x00000000f0000000)
  object space 92160K, 86% used [0x00000000d0000000,0x00000000d4d80ea8,0x00000000d5a00000)
 Metaspace       used 59931K, capacity 61618K, committed 62080K, reserved 1103872K
  class space    used 6481K, capacity 6959K, committed 7040K, reserved 1048576K
Event: 22.003 GC heap after
Heap after GC invocations=58 (full 6):
 PSYoungGen      total 238080K, used 14817K [0x00000000f0000000, 0x0000000100000000, 0x0000000100000000)
  eden space 223232K, 0% used [0x00000000f0000000,0x00000000f0000000,0x00000000fda00000)
  from space 14848K, 99% used [0x00000000ff180000,0x00000000ffff85a0,0x0000000100000000)
  to   space 19456K, 0% used [0x00000000fda00000,0x00000000fda00000,0x00000000fed00000)
 ParOldGen       total 92160K, used 84550K [0x00000000d0000000, 0x00000000d5a00000, 0x00000000f0000000)
  object space 92160K, 91% used [0x00000000d0000000,0x00000000d52919e8,0x00000000d5a00000)
 Metaspace       used 59931K, capacity 61618K, committed 62080K, reserved 1103872K
  class space    used 6481K, capacity 6959K, committed 7040K, reserved 1048576K
}
Event: 22.003 GC heap before
{Heap before GC invocations=59 (full 7):
 PSYoungGen      total 238080K, used 14817K [0x00000000f0000000, 0x0000000100000000, 0x0000000100000000)
  eden space 223232K, 0% used [0x00000000f0000000,0x00000000f0000000,0x00000000fda00000)
  from space 14848K, 99% used [0x00000000ff180000,0x00000000ffff85a0,0x0000000100000000)
  to   space 19456K, 0% used [0x00000000fda00000,0x00000000fda00000,0x00000000fed00000)
 ParOldGen       total 92160K, used 84550K [0x00000000d0000000, 0x00000000d5a00000, 0x00000000f0000000)
  object space 92160K, 91% used [0x00000000d0000000,0x00000000d52919e8,0x00000000d5a00000)
 Metaspace       used 59931K, capacity 61618K, committed 62080K, reserved 1103872K
  class space    used 6481K, capacity 6959K, committed 7040K, reserved 1048576K
Event: 23.450 GC heap after
Heap after GC invocations=59 (full 7):
 PSYoungGen      total 238080K, used 5064K [0x00000000f0000000, 0x0000000100000000, 0x0000000100000000)
  eden space 223232K, 0% used [0x00000000f0000000,0x00000000f0000000,0x00000000fda00000)
  from space 14848K, 34% used [0x00000000ff180000,0x00000000ff672080,0x0000000100000000)
  to   space 19456K, 0% used [0x00000000fda00000,0x00000000fda00000,0x00000000fed00000)
 ParOldGen       total 107520K, used 92130K [0x00000000d0000000, 0x00000000d6900000, 0x00000000f0000000)
  object space 107520K, 85% used [0x00000000d0000000,0x00000000d59f8a78,0x00000000d6900000)
 Metaspace       used 59931K, capacity 61618K, committed 62080K, reserved 1103872K
  class space    used 6481K, capacity 6959K, committed 7040K, reserved 1048576K
}
Event: 24.504 GC heap before
{Heap before GC invocations=60 (full 7):
 PSYoungGen      total 238080K, used 228296K [0x00000000f0000000, 0x0000000100000000, 0x0000000100000000)
  eden space 223232K, 100% used [0x00000000f0000000,0x00000000fda00000,0x00000000fda00000)
  from space 14848K, 34% used [0x00000000ff180000,0x00000000ff672080,0x0000000100000000)
  to   space 19456K, 0% used [0x00000000fda00000,0x00000000fda00000,0x00000000fed00000)
 ParOldGen       total 107520K, used 92130K [0x00000000d0000000, 0x00000000d6900000, 0x00000000f0000000)
  object space 107520K, 85% used [0x00000000d0000000,0x00000000d59f8a78,0x00000000d6900000)
 Metaspace       used 61187K, capacity 62878K, committed 63232K, reserved 1105920K
  class space    used 6625K, capacity 7100K, committed 7168K, reserved 1048576K
Event: 24.563 GC heap after
Heap after GC invocations=60 (full 7):
 PSYoungGen      total 242688K, used 8615K [0x00000000f0000000, 0x0000000100000000, 0x0000000100000000)
  eden space 223232K, 0% used [0x00000000f0000000,0x00000000f0000000,0x00000000fda00000)
  from space 19456K, 44% used [0x00000000fda00000,0x00000000fe269fd8,0x00000000fed00000)
  to   space 18944K, 0% used [0x00000000fed80000,0x00000000fed80000,0x0000000100000000)
 ParOldGen       total 107520K, used 92662K [0x00000000d0000000, 0x00000000d6900000, 0x00000000f0000000)
  object space 107520K, 86% used [0x00000000d0000000,0x00000000d5a7da98,0x00000000d6900000)
 Metaspace       used 61187K, capacity 62878K, committed 63232K, reserved 1105920K
  class space    used 6625K, capacity 7100K, committed 7168K, reserved 1048576K
}
Event: 25.851 GC heap before
{Heap before GC invocations=61 (full 7):
 PSYoungGen      total 242688K, used 226738K [0x00000000f0000000, 0x0000000100000000, 0x0000000100000000)
  eden space 223232K, 97% used [0x00000000f0000000,0x00000000fd502830,0x00000000fda00000)
  from space 19456K, 44% used [0x00000000fda00000,0x00000000fe269fd8,0x00000000fed00000)
  to   space 18944K, 0% used [0x00000000fed80000,0x00000000fed80000,0x0000000100000000)
 ParOldGen       total 107520K, used 92662K [0x00000000d0000000, 0x00000000d6900000, 0x00000000f0000000)
  object space 107520K, 86% used [0x00000000d0000000,0x00000000d5a7da98,0x00000000d6900000)
 Metaspace       used 63033K, capacity 64740K, committed 65280K, reserved 1107968K
  class space    used 6883K, capacity 7357K, committed 7424K, reserved 1048576K
Event: 25.901 GC heap after
Heap after GC invocations=61 (full 7):
 PSYoungGen      total 237056K, used 18037K [0x00000000f0000000, 0x0000000100000000, 0x0000000100000000)
  eden space 218112K, 0% used [0x00000000f0000000,0x00000000f0000000,0x00000000fd500000)
  from space 18944K, 95% used [0x00000000fed80000,0x00000000fff1d550,0x0000000100000000)
  to   space 22016K, 0% used [0x00000000fd500000,0x00000000fd500000,0x00000000fea80000)
 ParOldGen       total 107520K, used 92670K [0x00000000d0000000, 0x00000000d6900000, 0x00000000f0000000)
  object space 107520K, 86% used [0x00000000d0000000,0x00000000d5a7fa98,0x00000000d6900000)
 Metaspace       used 63033K, capacity 64740K, committed 65280K, reserved 1107968K
  class space    used 6883K, capacity 7357K, committed 7424K, reserved 1048576K
}
Event: 27.106 GC heap before
{Heap before GC invocations=62 (full 7):
 PSYoungGen      total 237056K, used 232316K [0x00000000f0000000, 0x0000000100000000, 0x0000000100000000)
  eden space 218112K, 98% used [0x00000000f0000000,0x00000000fd141df0,0x00000000fd500000)
  from space 18944K, 95% used [0x00000000fed80000,0x00000000fff1d550,0x0000000100000000)
  to   space 22016K, 0% used [0x00000000fd500000,0x00000000fd500000,0x00000000fea80000)
 ParOldGen       total 107520K, used 92670K [0x00000000d0000000, 0x00000000d6900000, 0x00000000f0000000)
  object space 107520K, 86% used [0x00000000d0000000,0x00000000d5a7fa98,0x00000000d6900000)
 Metaspace       used 64019K, capacity 65806K, committed 66176K, reserved 1107968K
  class space    used 7045K, capacity 7509K, committed 7552K, reserved 1048576K
Event: 27.129 GC heap after
Heap after GC invocations=62 (full 7):
 PSYoungGen      total 240128K, used 22015K [0x00000000f0000000, 0x0000000100000000, 0x0000000100000000)
  eden space 218112K, 0% used [0x00000000f0000000,0x00000000f0000000,0x00000000fd500000)
  from space 22016K, 99% used [0x00000000fd500000,0x00000000fea7fe50,0x00000000fea80000)
  to   space 22016K, 0% used [0x00000000fea80000,0x00000000fea80000,0x0000000100000000)
 ParOldGen       total 107520K, used 95416K [0x00000000d0000000, 0x00000000d6900000, 0x00000000f0000000)
  object space 107520K, 88% used [0x00000000d0000000,0x00000000d5d2e2f0,0x00000000d6900000)
 Metaspace       used 64019K, capacity 65806K, committed 66176K, reserved 1107968K
  class space    used 7045K, capacity 7509K, committed 7552K, reserved 1048576K
}

