# JRE version: Java(TM) SE Runtime Environment (8.0_11-b12) (build 1.8.0_11-b12)
# Java VM: Java HotSpot(TM) 64-Bit Server VM (25.11-b03 mixed mode windows-amd64 compressed oops)
Heap:
 PSYoungGen      total 241664K, used 219608K [0x00000000f0000000, 0x0000000100000000, 0x0000000100000000)
  eden space 221184K, 90% used [0x00000000f0000000,0x00000000fc279720,0x00000000fd800000)
  from space 20480K, 99% used [0x00000000fd800000,0x00000000febfcb80,0x00000000fec00000)
  to   space 20480K, 0% used [0x00000000fec00000,0x00000000fec00000,0x0000000100000000)
 ParOldGen       total 113664K, used 98349K [0x00000000d0000000, 0x00000000d6f00000, 0x00000000f0000000)
  object space 113664K, 86% used [0x00000000d0000000,0x00000000d600b630,0x00000000d6f00000)
 Metaspace       used 66232K, capacity 68114K, committed 68352K, reserved 1110016K
  class space    used 7356K, capacity 7879K, committed 7936K, reserved 1048576K
GC Heap History (10 events):
Event: 25.831 GC heap before
{Heap before GC invocations=50 (full 6):
 PSYoungGen      total 250368K, used 250336K [0x00000000f0000000, 0x0000000100000000, 0x0000000100000000)
  eden space 238592K, 100% used [0x00000000f0000000,0x00000000fe900000,0x00000000fe900000)
  from space 11776K, 99% used [0x00000000fe900000,0x00000000ff478020,0x00000000ff480000)
  to   space 11776K, 0% used [0x00000000ff480000,0x00000000ff480000,0x0000000100000000)
 ParOldGen       total 94720K, used 80024K [0x00000000d0000000, 0x00000000d5c80000, 0x00000000f0000000)
  object space 94720K, 84% used [0x00000000d0000000,0x00000000d4e26188,0x00000000d5c80000)
 Metaspace       used 60582K, capacity 62232K, committed 62592K, reserved 1105920K
  class space    used 6539K, capacity 6992K, committed 7040K, reserved 1048576K
Event: 25.962 GC heap after
Heap after GC invocations=50 (full 6):
 PSYoungGen      total 235008K, used 11761K [0x00000000f0000000, 0x0000000100000000, 0x0000000100000000)
  eden space 223232K, 0% used [0x00000000f0000000,0x00000000f0000000,0x00000000fda00000)
  from space 11776K, 99% used [0x00000000ff480000,0x00000000ffffc5a0,0x0000000100000000)
  to   space 19456K, 0% used [0x00000000fda00000,0x00000000fda00000,0x00000000fed00000)
 ParOldGen       total 94720K, used 89339K [0x00000000d0000000, 0x00000000d5c80000, 0x00000000f0000000)
  object space 94720K, 94% used [0x00000000d0000000,0x00000000d573ec00,0x00000000d5c80000)
 Metaspace       used 60582K, capacity 62232K, committed 62592K, reserved 1105920K
  class space    used 6539K, capacity 6992K, committed 7040K, reserved 1048576K
}
Event: 25.962 GC heap before
{Heap before GC invocations=51 (full 7):
 PSYoungGen      total 235008K, used 11761K [0x00000000f0000000, 0x0000000100000000, 0x0000000100000000)
  eden space 223232K, 0% used [0x00000000f0000000,0x00000000f0000000,0x00000000fda00000)
  from space 11776K, 99% used [0x00000000ff480000,0x00000000ffffc5a0,0x0000000100000000)
  to   space 19456K, 0% used [0x00000000fda00000,0x00000000fda00000,0x00000000fed00000)
 ParOldGen       total 94720K, used 89339K [0x00000000d0000000, 0x00000000d5c80000, 0x00000000f0000000)
  object space 94720K, 94% used [0x00000000d0000000,0x00000000d573ec00,0x00000000d5c80000)
 Metaspace       used 60582K, capacity 62232K, committed 62592K, reserved 1105920K
  class space    used 6539K, capacity 6992K, committed 7040K, reserved 1048576K
Event: 27.320 GC heap after
Heap after GC invocations=51 (full 7):
 PSYoungGen      total 235008K, used 4046K [0x00000000f0000000, 0x0000000100000000, 0x0000000100000000)
  eden space 223232K, 0% used [0x00000000f0000000,0x00000000f0000000,0x00000000fda00000)
  from space 11776K, 34% used [0x00000000ff480000,0x00000000ff873aa0,0x0000000100000000)
  to   space 19456K, 0% used [0x00000000fda00000,0x00000000fda00000,0x00000000fed00000)
 ParOldGen       total 113664K, used 94592K [0x00000000d0000000, 0x00000000d6f00000, 0x00000000f0000000)
  object space 113664K, 83% used [0x00000000d0000000,0x00000000d5c60310,0x00000000d6f00000)
 Metaspace       used 60582K, capacity 62232K, committed 62592K, reserved 1105920K
  class space    used 6539K, capacity 6992K, committed 7040K, reserved 1048576K
}
Event: 28.485 GC heap before
{Heap before GC invocations=52 (full 7):
 PSYoungGen      total 235008K, used 227278K [0x00000000f0000000, 0x0000000100000000, 0x0000000100000000)
  eden space 223232K, 100% used [0x00000000f0000000,0x00000000fda00000,0x00000000fda00000)
  from space 11776K, 34% used [0x00000000ff480000,0x00000000ff873aa0,0x0000000100000000)
  to   space 19456K, 0% used [0x00000000fda00000,0x00000000fda00000,0x00000000fed00000)
 ParOldGen       total 113664K, used 94592K [0x00000000d0000000, 0x00000000d6f00000, 0x00000000f0000000)
  object space 113664K, 83% used [0x00000000d0000000,0x00000000d5c60310,0x00000000d6f00000)
 Metaspace       used 61810K, capacity 63492K, committed 63744K, reserved 1105920K
  class space    used 6673K, capacity 7133K, committed 7168K, reserved 1048576K
Event: 28.514 GC heap after
Heap after GC invocations=52 (full 7):
 PSYoungGen      total 242688K, used 8164K [0x00000000f0000000, 0x0000000100000000, 0x0000000100000000)
  eden space 223232K, 0% used [0x00000000f0000000,0x00000000f0000000,0x00000000fda00000)
  from space 19456K, 41% used [0x00000000fda00000,0x00000000fe1f9208,0x00000000fed00000)
  to   space 18432K, 0% used [0x00000000fee00000,0x00000000fee00000,0x0000000100000000)
 ParOldGen       total 113664K, used 94864K [0x00000000d0000000, 0x00000000d6f00000, 0x00000000f0000000)
  object space 113664K, 83% used [0x00000000d0000000,0x00000000d5ca4310,0x00000000d6f00000)
 Metaspace       used 61810K, capacity 63492K, committed 63744K, reserved 1105920K
  class space    used 6673K, capacity 7133K, committed 7168K, reserved 1048576K
}
Event: 29.650 GC heap before
{Heap before GC invocations=53 (full 7):
 PSYoungGen      total 242688K, used 224786K [0x00000000f0000000, 0x0000000100000000, 0x0000000100000000)
  eden space 223232K, 97% used [0x00000000f0000000,0x00000000fd38b6b0,0x00000000fda00000)
  from space 19456K, 41% used [0x00000000fda00000,0x00000000fe1f9208,0x00000000fed00000)
  to   space 18432K, 0% used [0x00000000fee00000,0x00000000fee00000,0x0000000100000000)
 ParOldGen       total 113664K, used 94864K [0x00000000d0000000, 0x00000000d6f00000, 0x00000000f0000000)
  object space 113664K, 83% used [0x00000000d0000000,0x00000000d5ca4310,0x00000000d6f00000)
 Metaspace       used 63620K, capacity 65386K, committed 65792K, reserved 1107968K
  class space    used 6930K, capacity 7422K, committed 7424K, reserved 1048576K
Event: 29.679 GC heap after
Heap after GC invocations=53 (full 7):
 PSYoungGen      total 239616K, used 16873K [0x00000000f0000000, 0x0000000100000000, 0x0000000100000000)
  eden space 221184K, 0% used [0x00000000f0000000,0x00000000f0000000,0x00000000fd800000)
  from space 18432K, 91% used [0x00000000fee00000,0x00000000ffe7a780,0x0000000100000000)
  to   space 20480K, 0% used [0x00000000fd800000,0x00000000fd800000,0x00000000fec00000)
 ParOldGen       total 113664K, used 94872K [0x00000000d0000000, 0x00000000d6f00000, 0x00000000f0000000)
  object space 113664K, 83% used [0x00000000d0000000,0x00000000d5ca6310,0x00000000d6f00000)
 Metaspace       used 63620K, capacity 65386K, committed 65792K, reserved 1107968K
  class space    used 6930K, capacity 7422K, committed 7424K, reserved 1048576K
}
Event: 30.878 GC heap before
{Heap before GC invocations=54 (full 7):
 PSYoungGen      total 239616K, used 238057K [0x00000000f0000000, 0x0000000100000000, 0x0000000100000000)
  eden space 221184K, 100% used [0x00000000f0000000,0x00000000fd800000,0x00000000fd800000)
  from space 18432K, 91% used [0x00000000fee00000,0x00000000ffe7a780,0x0000000100000000)
  to   space 20480K, 0% used [0x00000000fd800000,0x00000000fd800000,0x00000000fec00000)
 ParOldGen       total 113664K, used 94872K [0x00000000d0000000, 0x00000000d6f00000, 0x00000000f0000000)
  object space 113664K, 83% used [0x00000000d0000000,0x00000000d5ca6310,0x00000000d6f00000)
 Metaspace       used 65011K, capacity 66888K, committed 67072K, reserved 1107968K
  class space    used 7139K, capacity 7645K, committed 7680K, reserved 1048576K
Event: 30.905 GC heap after
Heap after GC invocations=54 (full 7):
 PSYoungGen      total 241664K, used 20466K [0x00000000f0000000, 0x0000000100000000, 0x0000000100000000)
  eden space 221184K, 0% used [0x00000000f0000000,0x00000000f0000000,0x00000000fd800000)
  from space 20480K, 99% used [0x00000000fd800000,0x00000000febfcb80,0x00000000fec00000)
  to   space 20480K, 0% used [0x00000000fec00000,0x00000000fec00000,0x0000000100000000)
 ParOldGen       total 113664K, used 98349K [0x00000000d0000000, 0x00000000d6f00000, 0x00000000f0000000)
  object space 113664K, 86% used [0x00000000d0000000,0x00000000d600b630,0x00000000d6f00000)
 Metaspace       used 65011K, capacity 66888K, committed 67072K, reserved 1107968K
  class space    used 7139K, capacity 7645K, committed 7680K, reserved 1048576K
}

