# JRE version: Java(TM) SE Runtime Environment (8.0_11-b12) (build 1.8.0_11-b12)
# Java VM: Java HotSpot(TM) 64-Bit Server VM (25.11-b03 mixed mode windows-amd64 compressed oops)
Heap:
 PSYoungGen      total 239616K, used 94516K [0x00000000f0000000, 0x0000000100000000, 0x0000000100000000)
  eden space 222208K, 34% used [0x00000000f0000000,0x00000000f4ba1800,0x00000000fd900000)
  from space 17408K, 98% used [0x00000000fd900000,0x00000000fe9ab830,0x00000000fea00000)
  to   space 22016K, 0% used [0x00000000fea80000,0x00000000fea80000,0x0000000100000000)
 ParOldGen       total 109568K, used 94755K [0x00000000d0000000, 0x00000000d6b00000, 0x00000000f0000000)
  object space 109568K, 86% used [0x00000000d0000000,0x00000000d5c88d40,0x00000000d6b00000)
 Metaspace       used 63698K, capacity 65390K, committed 65664K, reserved 1107968K
  class space    used 6987K, capacity 7462K, committed 7552K, reserved 1048576K
GC Heap History (10 events):
Event: 116.894 GC heap before
{Heap before GC invocations=47 (full 5):
 PSYoungGen      total 247808K, used 242629K [0x00000000f0000000, 0x0000000100000000, 0x0000000100000000)
  eden space 235008K, 100% used [0x00000000f0000000,0x00000000fe580000,0x00000000fe580000)
  from space 12800K, 59% used [0x00000000fe580000,0x00000000fecf14e0,0x00000000ff200000)
  to   space 12800K, 0% used [0x00000000ff380000,0x00000000ff380000,0x0000000100000000)
 ParOldGen       total 94208K, used 78052K [0x00000000d0000000, 0x00000000d5c00000, 0x00000000f0000000)
  object space 94208K, 82% used [0x00000000d0000000,0x00000000d4c39070,0x00000000d5c00000)
 Metaspace       used 58869K, capacity 60504K, committed 60928K, reserved 1103872K
  class space    used 6365K, capacity 6823K, committed 6912K, reserved 1048576K
Event: 117.307 GC heap after
Heap after GC invocations=47 (full 5):
 PSYoungGen      total 243200K, used 12768K [0x00000000f0000000, 0x0000000100000000, 0x0000000100000000)
  eden space 230400K, 0% used [0x00000000f0000000,0x00000000f0000000,0x00000000fe100000)
  from space 12800K, 99% used [0x00000000ff380000,0x00000000ffff8020,0x0000000100000000)
  to   space 15872K, 0% used [0x00000000fe100000,0x00000000fe100000,0x00000000ff080000)
 ParOldGen       total 94208K, used 79796K [0x00000000d0000000, 0x00000000d5c00000, 0x00000000f0000000)
  object space 94208K, 84% used [0x00000000d0000000,0x00000000d4ded318,0x00000000d5c00000)
 Metaspace       used 58869K, capacity 60504K, committed 60928K, reserved 1103872K
  class space    used 6365K, capacity 6823K, committed 6912K, reserved 1048576K
}
Event: 120.283 GC heap before
{Heap before GC invocations=48 (full 5):
 PSYoungGen      total 243200K, used 240899K [0x00000000f0000000, 0x0000000100000000, 0x0000000100000000)
  eden space 230400K, 99% used [0x00000000f0000000,0x00000000fdec8ce8,0x00000000fe100000)
  from space 12800K, 99% used [0x00000000ff380000,0x00000000ffff8020,0x0000000100000000)
  to   space 15872K, 0% used [0x00000000fe100000,0x00000000fe100000,0x00000000ff080000)
 ParOldGen       total 94208K, used 79796K [0x00000000d0000000, 0x00000000d5c00000, 0x00000000f0000000)
  object space 94208K, 84% used [0x00000000d0000000,0x00000000d4ded318,0x00000000d5c00000)
 Metaspace       used 60244K, capacity 61906K, committed 62336K, reserved 1103872K
  class space    used 6520K, capacity 6991K, committed 7040K, reserved 1048576K
Event: 120.385 GC heap after
Heap after GC invocations=48 (full 5):
 PSYoungGen      total 246272K, used 15856K [0x00000000f0000000, 0x0000000100000000, 0x0000000100000000)
  eden space 230400K, 0% used [0x00000000f0000000,0x00000000f0000000,0x00000000fe100000)
  from space 15872K, 99% used [0x00000000fe100000,0x00000000ff07c300,0x00000000ff080000)
  to   space 15872K, 0% used [0x00000000ff080000,0x00000000ff080000,0x0000000100000000)
 ParOldGen       total 94208K, used 84526K [0x00000000d0000000, 0x00000000d5c00000, 0x00000000f0000000)
  object space 94208K, 89% used [0x00000000d0000000,0x00000000d528bb78,0x00000000d5c00000)
 Metaspace       used 60244K, capacity 61906K, committed 62336K, reserved 1103872K
  class space    used 6520K, capacity 6991K, committed 7040K, reserved 1048576K
}
Event: 120.385 GC heap before
{Heap before GC invocations=49 (full 6):
 PSYoungGen      total 246272K, used 15856K [0x00000000f0000000, 0x0000000100000000, 0x0000000100000000)
  eden space 230400K, 0% used [0x00000000f0000000,0x00000000f0000000,0x00000000fe100000)
  from space 15872K, 99% used [0x00000000fe100000,0x00000000ff07c300,0x00000000ff080000)
  to   space 15872K, 0% used [0x00000000ff080000,0x00000000ff080000,0x0000000100000000)
 ParOldGen       total 94208K, used 84526K [0x00000000d0000000, 0x00000000d5c00000, 0x00000000f0000000)
  object space 94208K, 89% used [0x00000000d0000000,0x00000000d528bb78,0x00000000d5c00000)
 Metaspace       used 60244K, capacity 61906K, committed 62336K, reserved 1103872K
  class space    used 6520K, capacity 6991K, committed 7040K, reserved 1048576K
Event: 122.528 GC heap after
Heap after GC invocations=49 (full 6):
 PSYoungGen      total 246272K, used 3552K [0x00000000f0000000, 0x0000000100000000, 0x0000000100000000)
  eden space 230400K, 0% used [0x00000000f0000000,0x00000000f0000000,0x00000000fe100000)
  from space 15872K, 22% used [0x00000000fe100000,0x00000000fe478130,0x00000000ff080000)
  to   space 15872K, 0% used [0x00000000ff080000,0x00000000ff080000,0x0000000100000000)
 ParOldGen       total 109568K, used 94059K [0x00000000d0000000, 0x00000000d6b00000, 0x00000000f0000000)
  object space 109568K, 85% used [0x00000000d0000000,0x00000000d5bdad40,0x00000000d6b00000)
 Metaspace       used 60244K, capacity 61906K, committed 62336K, reserved 1103872K
  class space    used 6520K, capacity 6991K, committed 7040K, reserved 1048576K
}
Event: 125.253 GC heap before
{Heap before GC invocations=50 (full 6):
 PSYoungGen      total 246272K, used 233952K [0x00000000f0000000, 0x0000000100000000, 0x0000000100000000)
  eden space 230400K, 100% used [0x00000000f0000000,0x00000000fe100000,0x00000000fe100000)
  from space 15872K, 22% used [0x00000000fe100000,0x00000000fe478130,0x00000000ff080000)
  to   space 15872K, 0% used [0x00000000ff080000,0x00000000ff080000,0x0000000100000000)
 ParOldGen       total 109568K, used 94059K [0x00000000d0000000, 0x00000000d6b00000, 0x00000000f0000000)
  object space 109568K, 85% used [0x00000000d0000000,0x00000000d5bdad40,0x00000000d6b00000)
 Metaspace       used 61568K, capacity 63230K, committed 63488K, reserved 1105920K
  class space    used 6661K, capacity 7132K, committed 7168K, reserved 1048576K
Event: 125.312 GC heap after
Heap after GC invocations=50 (full 6):
 PSYoungGen      total 238080K, used 9428K [0x00000000f0000000, 0x0000000100000000, 0x0000000100000000)
  eden space 222208K, 0% used [0x00000000f0000000,0x00000000f0000000,0x00000000fd900000)
  from space 15872K, 59% used [0x00000000ff080000,0x00000000ff9b5398,0x0000000100000000)
  to   space 19968K, 0% used [0x00000000fd900000,0x00000000fd900000,0x00000000fec80000)
 ParOldGen       total 109568K, used 94747K [0x00000000d0000000, 0x00000000d6b00000, 0x00000000f0000000)
  object space 109568K, 86% used [0x00000000d0000000,0x00000000d5c86d40,0x00000000d6b00000)
 Metaspace       used 61568K, capacity 63230K, committed 63488K, reserved 1105920K
  class space    used 6661K, capacity 7132K, committed 7168K, reserved 1048576K
}
Event: 127.948 GC heap before
{Heap before GC invocations=51 (full 6):
 PSYoungGen      total 238080K, used 230633K [0x00000000f0000000, 0x0000000100000000, 0x0000000100000000)
  eden space 222208K, 99% used [0x00000000f0000000,0x00000000fd8052f0,0x00000000fd900000)
  from space 15872K, 59% used [0x00000000ff080000,0x00000000ff9b5398,0x0000000100000000)
  to   space 19968K, 0% used [0x00000000fd900000,0x00000000fd900000,0x00000000fec80000)
 ParOldGen       total 109568K, used 94747K [0x00000000d0000000, 0x00000000d6b00000, 0x00000000f0000000)
  object space 109568K, 86% used [0x00000000d0000000,0x00000000d5c86d40,0x00000000d6b00000)
 Metaspace       used 63232K, capacity 64964K, committed 65280K, reserved 1107968K
  class space    used 6904K, capacity 7389K, committed 7424K, reserved 1048576K
Event: 127.982 GC heap after
Heap after GC invocations=51 (full 6):
 PSYoungGen      total 239616K, used 17070K [0x00000000f0000000, 0x0000000100000000, 0x0000000100000000)
  eden space 222208K, 0% used [0x00000000f0000000,0x00000000f0000000,0x00000000fd900000)
  from space 17408K, 98% used [0x00000000fd900000,0x00000000fe9ab830,0x00000000fea00000)
  to   space 22016K, 0% used [0x00000000fea80000,0x00000000fea80000,0x0000000100000000)
 ParOldGen       total 109568K, used 94755K [0x00000000d0000000, 0x00000000d6b00000, 0x00000000f0000000)
  object space 109568K, 86% used [0x00000000d0000000,0x00000000d5c88d40,0x00000000d6b00000)
 Metaspace       used 63232K, capacity 64964K, committed 65280K, reserved 1107968K
  class space    used 6904K, capacity 7389K, committed 7424K, reserved 1048576K
}

