# JRE version: Java(TM) SE Runtime Environment (8.0_11-b12) (build 1.8.0_11-b12)
# Java VM: Java HotSpot(TM) 64-Bit Server VM (25.11-b03 mixed mode windows-amd64 compressed oops)
Heap:
 PSYoungGen      total 243712K, used 187622K [0x00000000f0000000, 0x0000000100000000, 0x0000000100000000)
  eden space 225280K, 75% used [0x00000000f0000000,0x00000000fa53d8b0,0x00000000fdc00000)
  from space 18432K, 99% used [0x00000000fdc00000,0x00000000fedfc160,0x00000000fee00000)
  to   space 18432K, 0% used [0x00000000fee00000,0x00000000fee00000,0x0000000100000000)
 ParOldGen       total 102912K, used 91238K [0x00000000d0000000, 0x00000000d6480000, 0x00000000f0000000)
  object space 102912K, 88% used [0x00000000d0000000,0x00000000d5919ae8,0x00000000d6480000)
 Metaspace       used 63591K, capacity 65378K, committed 65664K, reserved 1107968K
  class space    used 6979K, capacity 7462K, committed 7552K, reserved 1048576K
GC Heap History (10 events):
Event: 43.685 GC heap before
{Heap before GC invocations=53 (full 5):
 PSYoungGen      total 249344K, used 247415K [0x00000000f0000000, 0x0000000100000000, 0x0000000100000000)
  eden space 238592K, 100% used [0x00000000f0000000,0x00000000fe900000,0x00000000fe900000)
  from space 10752K, 82% used [0x00000000fe900000,0x00000000ff19de48,0x00000000ff380000)
  to   space 11776K, 0% used [0x00000000ff480000,0x00000000ff480000,0x0000000100000000)
 ParOldGen       total 88576K, used 74871K [0x00000000d0000000, 0x00000000d5680000, 0x00000000f0000000)
  object space 88576K, 84% used [0x00000000d0000000,0x00000000d491df78,0x00000000d5680000)
 Metaspace       used 58322K, capacity 59922K, committed 60288K, reserved 1103872K
  class space    used 6283K, capacity 6749K, committed 6784K, reserved 1048576K
Event: 43.816 GC heap after
Heap after GC invocations=53 (full 5):
 PSYoungGen      total 246272K, used 11776K [0x00000000f0000000, 0x0000000100000000, 0x0000000100000000)
  eden space 234496K, 0% used [0x00000000f0000000,0x00000000f0000000,0x00000000fe500000)
  from space 11776K, 100% used [0x00000000ff480000,0x0000000100000000,0x0000000100000000)
  to   space 13824K, 0% used [0x00000000fe500000,0x00000000fe500000,0x00000000ff280000)
 ParOldGen       total 88576K, used 75926K [0x00000000d0000000, 0x00000000d5680000, 0x00000000f0000000)
  object space 88576K, 85% used [0x00000000d0000000,0x00000000d4a25a00,0x00000000d5680000)
 Metaspace       used 58322K, capacity 59922K, committed 60288K, reserved 1103872K
  class space    used 6283K, capacity 6749K, committed 6784K, reserved 1048576K
}
Event: 46.498 GC heap before
{Heap before GC invocations=54 (full 5):
 PSYoungGen      total 246272K, used 242372K [0x00000000f0000000, 0x0000000100000000, 0x0000000100000000)
  eden space 234496K, 98% used [0x00000000f0000000,0x00000000fe1311a0,0x00000000fe500000)
  from space 11776K, 100% used [0x00000000ff480000,0x0000000100000000,0x0000000100000000)
  to   space 13824K, 0% used [0x00000000fe500000,0x00000000fe500000,0x00000000ff280000)
 ParOldGen       total 88576K, used 75926K [0x00000000d0000000, 0x00000000d5680000, 0x00000000f0000000)
  object space 88576K, 85% used [0x00000000d0000000,0x00000000d4a25a00,0x00000000d5680000)
 Metaspace       used 59443K, capacity 61090K, committed 61440K, reserved 1103872K
  class space    used 6440K, capacity 6895K, committed 6912K, reserved 1048576K
Event: 46.547 GC heap after
Heap after GC invocations=54 (full 5):
 PSYoungGen      total 248320K, used 13808K [0x00000000f0000000, 0x0000000100000000, 0x0000000100000000)
  eden space 234496K, 0% used [0x00000000f0000000,0x00000000f0000000,0x00000000fe500000)
  from space 13824K, 99% used [0x00000000fe500000,0x00000000ff27c030,0x00000000ff280000)
  to   space 13824K, 0% used [0x00000000ff280000,0x00000000ff280000,0x0000000100000000)
 ParOldGen       total 88576K, used 82110K [0x00000000d0000000, 0x00000000d5680000, 0x00000000f0000000)
  object space 88576K, 92% used [0x00000000d0000000,0x00000000d502f980,0x00000000d5680000)
 Metaspace       used 59443K, capacity 61090K, committed 61440K, reserved 1103872K
  class space    used 6440K, capacity 6895K, committed 6912K, reserved 1048576K
}
Event: 46.547 GC heap before
{Heap before GC invocations=55 (full 6):
 PSYoungGen      total 248320K, used 13808K [0x00000000f0000000, 0x0000000100000000, 0x0000000100000000)
  eden space 234496K, 0% used [0x00000000f0000000,0x00000000f0000000,0x00000000fe500000)
  from space 13824K, 99% used [0x00000000fe500000,0x00000000ff27c030,0x00000000ff280000)
  to   space 13824K, 0% used [0x00000000ff280000,0x00000000ff280000,0x0000000100000000)
 ParOldGen       total 88576K, used 82110K [0x00000000d0000000, 0x00000000d5680000, 0x00000000f0000000)
  object space 88576K, 92% used [0x00000000d0000000,0x00000000d502f980,0x00000000d5680000)
 Metaspace       used 59443K, capacity 61090K, committed 61440K, reserved 1103872K
  class space    used 6440K, capacity 6895K, committed 6912K, reserved 1048576K
Event: 52.821 GC heap after
Heap after GC invocations=55 (full 6):
 PSYoungGen      total 248320K, used 6113K [0x00000000f0000000, 0x0000000100000000, 0x0000000100000000)
  eden space 234496K, 0% used [0x00000000f0000000,0x00000000f0000000,0x00000000fe500000)
  from space 13824K, 44% used [0x00000000fe500000,0x00000000feaf85f0,0x00000000ff280000)
  to   space 13824K, 0% used [0x00000000ff280000,0x00000000ff280000,0x0000000100000000)
 ParOldGen       total 102912K, used 88269K [0x00000000d0000000, 0x00000000d6480000, 0x00000000f0000000)
  object space 102912K, 85% used [0x00000000d0000000,0x00000000d56335b0,0x00000000d6480000)
 Metaspace       used 59443K, capacity 61090K, committed 61440K, reserved 1103872K
  class space    used 6440K, capacity 6895K, committed 6912K, reserved 1048576K
}
Event: 54.573 GC heap before
{Heap before GC invocations=56 (full 6):
 PSYoungGen      total 248320K, used 240609K [0x00000000f0000000, 0x0000000100000000, 0x0000000100000000)
  eden space 234496K, 100% used [0x00000000f0000000,0x00000000fe500000,0x00000000fe500000)
  from space 13824K, 44% used [0x00000000fe500000,0x00000000feaf85f0,0x00000000ff280000)
  to   space 13824K, 0% used [0x00000000ff280000,0x00000000ff280000,0x0000000100000000)
 ParOldGen       total 102912K, used 88269K [0x00000000d0000000, 0x00000000d6480000, 0x00000000f0000000)
  object space 102912K, 85% used [0x00000000d0000000,0x00000000d56335b0,0x00000000d6480000)
 Metaspace       used 60780K, capacity 62408K, committed 62720K, reserved 1105920K
  class space    used 6592K, capacity 7056K, committed 7168K, reserved 1048576K
Event: 54.611 GC heap after
Heap after GC invocations=56 (full 6):
 PSYoungGen      total 239104K, used 10572K [0x00000000f0000000, 0x0000000100000000, 0x0000000100000000)
  eden space 225280K, 0% used [0x00000000f0000000,0x00000000f0000000,0x00000000fdc00000)
  from space 13824K, 76% used [0x00000000ff280000,0x00000000ffcd3160,0x0000000100000000)
  to   space 18432K, 0% used [0x00000000fdc00000,0x00000000fdc00000,0x00000000fee00000)
 ParOldGen       total 102912K, used 88661K [0x00000000d0000000, 0x00000000d6480000, 0x00000000f0000000)
  object space 102912K, 86% used [0x00000000d0000000,0x00000000d56955b0,0x00000000d6480000)
 Metaspace       used 60780K, capacity 62408K, committed 62720K, reserved 1105920K
  class space    used 6592K, capacity 7056K, committed 7168K, reserved 1048576K
}
Event: 57.512 GC heap before
{Heap before GC invocations=57 (full 6):
 PSYoungGen      total 239104K, used 233368K [0x00000000f0000000, 0x0000000100000000, 0x0000000100000000)
  eden space 225280K, 98% used [0x00000000f0000000,0x00000000fd992f40,0x00000000fdc00000)
  from space 13824K, 76% used [0x00000000ff280000,0x00000000ffcd3160,0x0000000100000000)
  to   space 18432K, 0% used [0x00000000fdc00000,0x00000000fdc00000,0x00000000fee00000)
 ParOldGen       total 102912K, used 88661K [0x00000000d0000000, 0x00000000d6480000, 0x00000000f0000000)
  object space 102912K, 86% used [0x00000000d0000000,0x00000000d56955b0,0x00000000d6480000)
 Metaspace       used 62994K, capacity 64660K, committed 65024K, reserved 1107968K
  class space    used 6878K, capacity 7357K, committed 7424K, reserved 1048576K
Event: 57.661 GC heap after
Heap after GC invocations=57 (full 6):
 PSYoungGen      total 243712K, used 18416K [0x00000000f0000000, 0x0000000100000000, 0x0000000100000000)
  eden space 225280K, 0% used [0x00000000f0000000,0x00000000f0000000,0x00000000fdc00000)
  from space 18432K, 99% used [0x00000000fdc00000,0x00000000fedfc160,0x00000000fee00000)
  to   space 18432K, 0% used [0x00000000fee00000,0x00000000fee00000,0x0000000100000000)
 ParOldGen       total 102912K, used 91238K [0x00000000d0000000, 0x00000000d6480000, 0x00000000f0000000)
  object space 102912K, 88% used [0x00000000d0000000,0x00000000d5919ae8,0x00000000d6480000)
 Metaspace       used 62994K, capacity 64660K, committed 65024K, reserved 1107968K
  class space    used 6878K, capacity 7357K, committed 7424K, reserved 1048576K
}

