# JRE version: Java(TM) SE Runtime Environment (8.0_11-b12) (build 1.8.0_11-b12)
# Java VM: Java HotSpot(TM) 64-Bit Server VM (25.11-b03 mixed mode windows-amd64 compressed oops)
Heap:
 PSYoungGen      total 225280K, used 50621K [0x00000000f0000000, 0x0000000100000000, 0x0000000100000000)
  eden space 190464K, 8% used [0x00000000f0000000,0x00000000f0fbb340,0x00000000fba00000)
  from space 34816K, 99% used [0x00000000fba00000,0x00000000fdbb4418,0x00000000fdc00000)
  to   space 36864K, 0% used [0x00000000fdc00000,0x00000000fdc00000,0x0000000100000000)
 ParOldGen       total 96256K, used 79598K [0x00000000d0000000, 0x00000000d5e00000, 0x00000000f0000000)
  object space 96256K, 82% used [0x00000000d0000000,0x00000000d4dbb810,0x00000000d5e00000)
 Metaspace       used 64060K, capacity 65778K, committed 66176K, reserved 1107968K
  class space    used 7034K, capacity 7504K, committed 7552K, reserved 1048576K
GC Heap History (10 events):
Event: 39.847 GC heap before
{Heap before GC invocations=62 (full 5):
 PSYoungGen      total 234496K, used 231035K [0x00000000f0000000, 0x00000000fff00000, 0x0000000100000000)
  eden space 212992K, 99% used [0x00000000f0000000,0x00000000fcf6c800,0x00000000fd000000)
  from space 21504K, 86% used [0x00000000fe700000,0x00000000ff932560,0x00000000ffc00000)
  to   space 23552K, 0% used [0x00000000fd000000,0x00000000fd000000,0x00000000fe700000)
 ParOldGen       total 77312K, used 68152K [0x00000000d0000000, 0x00000000d4b80000, 0x00000000f0000000)
  object space 77312K, 88% used [0x00000000d0000000,0x00000000d428e0f0,0x00000000d4b80000)
 Metaspace       used 58875K, capacity 60568K, committed 60928K, reserved 1103872K
  class space    used 6367K, capacity 6823K, committed 6912K, reserved 1048576K
Event: 39.898 GC heap after
Heap after GC invocations=62 (full 5):
 PSYoungGen      total 236544K, used 23524K [0x00000000f0000000, 0x0000000100000000, 0x0000000100000000)
  eden space 212992K, 0% used [0x00000000f0000000,0x00000000f0000000,0x00000000fd000000)
  from space 23552K, 99% used [0x00000000fd000000,0x00000000fe6f91b0,0x00000000fe700000)
  to   space 25600K, 0% used [0x00000000fe700000,0x00000000fe700000,0x0000000100000000)
 ParOldGen       total 77312K, used 69963K [0x00000000d0000000, 0x00000000d4b80000, 0x00000000f0000000)
  object space 77312K, 90% used [0x00000000d0000000,0x00000000d4452ee0,0x00000000d4b80000)
 Metaspace       used 58875K, capacity 60568K, committed 60928K, reserved 1103872K
  class space    used 6367K, capacity 6823K, committed 6912K, reserved 1048576K
}
Event: 41.964 GC heap before
{Heap before GC invocations=63 (full 5):
 PSYoungGen      total 236544K, used 227771K [0x00000000f0000000, 0x0000000100000000, 0x0000000100000000)
  eden space 212992K, 95% used [0x00000000f0000000,0x00000000fc775c60,0x00000000fd000000)
  from space 23552K, 99% used [0x00000000fd000000,0x00000000fe6f91b0,0x00000000fe700000)
  to   space 25600K, 0% used [0x00000000fe700000,0x00000000fe700000,0x0000000100000000)
 ParOldGen       total 77312K, used 69963K [0x00000000d0000000, 0x00000000d4b80000, 0x00000000f0000000)
  object space 77312K, 90% used [0x00000000d0000000,0x00000000d4452ee0,0x00000000d4b80000)
 Metaspace       used 60133K, capacity 61746K, committed 62080K, reserved 1103872K
  class space    used 6506K, capacity 6959K, committed 7040K, reserved 1048576K
Event: 42.095 GC heap after
Heap after GC invocations=63 (full 5):
 PSYoungGen      total 228352K, used 21603K [0x00000000f0000000, 0x0000000100000000, 0x0000000100000000)
  eden space 202752K, 0% used [0x00000000f0000000,0x00000000f0000000,0x00000000fc600000)
  from space 25600K, 84% used [0x00000000fe700000,0x00000000ffc18c40,0x0000000100000000)
  to   space 29696K, 0% used [0x00000000fc600000,0x00000000fc600000,0x00000000fe300000)
 ParOldGen       total 79872K, used 79518K [0x00000000d0000000, 0x00000000d4e00000, 0x00000000f0000000)
  object space 79872K, 99% used [0x00000000d0000000,0x00000000d4da7bf8,0x00000000d4e00000)
 Metaspace       used 60133K, capacity 61746K, committed 62080K, reserved 1103872K
  class space    used 6506K, capacity 6959K, committed 7040K, reserved 1048576K
}
Event: 42.095 GC heap before
{Heap before GC invocations=64 (full 6):
 PSYoungGen      total 228352K, used 21603K [0x00000000f0000000, 0x0000000100000000, 0x0000000100000000)
  eden space 202752K, 0% used [0x00000000f0000000,0x00000000f0000000,0x00000000fc600000)
  from space 25600K, 84% used [0x00000000fe700000,0x00000000ffc18c40,0x0000000100000000)
  to   space 29696K, 0% used [0x00000000fc600000,0x00000000fc600000,0x00000000fe300000)
 ParOldGen       total 79872K, used 79518K [0x00000000d0000000, 0x00000000d4e00000, 0x00000000f0000000)
  object space 79872K, 99% used [0x00000000d0000000,0x00000000d4da7bf8,0x00000000d4e00000)
 Metaspace       used 60133K, capacity 61746K, committed 62080K, reserved 1103872K
  class space    used 6506K, capacity 6959K, committed 7040K, reserved 1048576K
Event: 43.882 GC heap after
Heap after GC invocations=64 (full 6):
 PSYoungGen      total 228352K, used 18811K [0x00000000f0000000, 0x0000000100000000, 0x0000000100000000)
  eden space 202752K, 0% used [0x00000000f0000000,0x00000000f0000000,0x00000000fc600000)
  from space 25600K, 73% used [0x00000000fe700000,0x00000000ff95eff0,0x0000000100000000)
  to   space 29696K, 0% used [0x00000000fc600000,0x00000000fc600000,0x00000000fe300000)
 ParOldGen       total 96256K, used 79574K [0x00000000d0000000, 0x00000000d5e00000, 0x00000000f0000000)
  object space 96256K, 82% used [0x00000000d0000000,0x00000000d4db5810,0x00000000d5e00000)
 Metaspace       used 60133K, capacity 61746K, committed 62080K, reserved 1103872K
  class space    used 6506K, capacity 6959K, committed 7040K, reserved 1048576K
}
Event: 45.979 GC heap before
{Heap before GC invocations=65 (full 6):
 PSYoungGen      total 228352K, used 221563K [0x00000000f0000000, 0x0000000100000000, 0x0000000100000000)
  eden space 202752K, 100% used [0x00000000f0000000,0x00000000fc600000,0x00000000fc600000)
  from space 25600K, 73% used [0x00000000fe700000,0x00000000ff95eff0,0x0000000100000000)
  to   space 29696K, 0% used [0x00000000fc600000,0x00000000fc600000,0x00000000fe300000)
 ParOldGen       total 96256K, used 79574K [0x00000000d0000000, 0x00000000d5e00000, 0x00000000f0000000)
  object space 96256K, 82% used [0x00000000d0000000,0x00000000d4db5810,0x00000000d5e00000)
 Metaspace       used 61287K, capacity 62942K, committed 63488K, reserved 1105920K
  class space    used 6631K, capacity 7100K, committed 7168K, reserved 1048576K
Event: 46.061 GC heap after
Heap after GC invocations=65 (full 6):
 PSYoungGen      total 225280K, used 22436K [0x00000000f0000000, 0x0000000100000000, 0x0000000100000000)
  eden space 202752K, 0% used [0x00000000f0000000,0x00000000f0000000,0x00000000fc600000)
  from space 22528K, 99% used [0x00000000fc600000,0x00000000fdbe9218,0x00000000fdc00000)
  to   space 31232K, 0% used [0x00000000fe180000,0x00000000fe180000,0x0000000100000000)
 ParOldGen       total 96256K, used 79582K [0x00000000d0000000, 0x00000000d5e00000, 0x00000000f0000000)
  object space 96256K, 82% used [0x00000000d0000000,0x00000000d4db7810,0x00000000d5e00000)
 Metaspace       used 61287K, capacity 62942K, committed 63488K, reserved 1105920K
  class space    used 6631K, capacity 7100K, committed 7168K, reserved 1048576K
}
Event: 47.643 GC heap before
{Heap before GC invocations=66 (full 6):
 PSYoungGen      total 225280K, used 219852K [0x00000000f0000000, 0x0000000100000000, 0x0000000100000000)
  eden space 202752K, 97% used [0x00000000f0000000,0x00000000fc0c9fc0,0x00000000fc600000)
  from space 22528K, 99% used [0x00000000fc600000,0x00000000fdbe9218,0x00000000fdc00000)
  to   space 31232K, 0% used [0x00000000fe180000,0x00000000fe180000,0x0000000100000000)
 ParOldGen       total 96256K, used 79582K [0x00000000d0000000, 0x00000000d5e00000, 0x00000000f0000000)
  object space 96256K, 82% used [0x00000000d0000000,0x00000000d4db7810,0x00000000d5e00000)
 Metaspace       used 63054K, capacity 64740K, committed 65280K, reserved 1107968K
  class space    used 6885K, capacity 7357K, committed 7424K, reserved 1048576K
Event: 47.680 GC heap after
Heap after GC invocations=66 (full 6):
 PSYoungGen      total 221696K, used 30321K [0x00000000f0000000, 0x0000000100000000, 0x0000000100000000)
  eden space 190464K, 0% used [0x00000000f0000000,0x00000000f0000000,0x00000000fba00000)
  from space 31232K, 97% used [0x00000000fe180000,0x00000000fff1c4e8,0x0000000100000000)
  to   space 35840K, 0% used [0x00000000fba00000,0x00000000fba00000,0x00000000fdd00000)
 ParOldGen       total 96256K, used 79590K [0x00000000d0000000, 0x00000000d5e00000, 0x00000000f0000000)
  object space 96256K, 82% used [0x00000000d0000000,0x00000000d4db9810,0x00000000d5e00000)
 Metaspace       used 63054K, capacity 64740K, committed 65280K, reserved 1107968K
  class space    used 6885K, capacity 7357K, committed 7424K, reserved 1048576K
}

