# JRE version: Java(TM) SE Runtime Environment (8.0_11-b12) (build 1.8.0_11-b12)
# Java VM: Java HotSpot(TM) 64-Bit Server VM (25.11-b03 mixed mode windows-amd64 compressed oops)
Heap:
 PSYoungGen      total 235520K, used 51486K [0x00000000f0000000, 0x0000000100000000, 0x0000000100000000)
  eden space 214016K, 15% used [0x00000000f0000000,0x00000000f2080430,0x00000000fd100000)
  from space 21504K, 84% used [0x00000000feb00000,0x00000000ffcc75d8,0x0000000100000000)
  to   space 24064K, 0% used [0x00000000fd100000,0x00000000fd100000,0x00000000fe880000)
 ParOldGen       total 113152K, used 94954K [0x00000000d0000000, 0x00000000d6e80000, 0x00000000f0000000)
  object space 113152K, 83% used [0x00000000d0000000,0x00000000d5cba9a8,0x00000000d6e80000)
 Metaspace       used 63726K, capacity 65470K, committed 65888K, reserved 1107968K
  class space    used 6986K, capacity 7465K, committed 7552K, reserved 1048576K
GC Heap History (10 events):
Event: 48.156 GC heap before
{Heap before GC invocations=49 (full 6):
 PSYoungGen      total 248320K, used 246484K [0x00000000f0000000, 0x0000000100000000, 0x0000000100000000)
  eden space 236544K, 100% used [0x00000000f0000000,0x00000000fe700000,0x00000000fe700000)
  from space 11776K, 84% used [0x00000000ff400000,0x00000000ffdb5198,0x00000000fff80000)
  to   space 12800K, 0% used [0x00000000fe700000,0x00000000fe700000,0x00000000ff380000)
 ParOldGen       total 95232K, used 77810K [0x00000000d0000000, 0x00000000d5d00000, 0x00000000f0000000)
  object space 95232K, 81% used [0x00000000d0000000,0x00000000d4bfc880,0x00000000d5d00000)
 Metaspace       used 59282K, capacity 60970K, committed 61152K, reserved 1103872K
  class space    used 6405K, capacity 6892K, committed 6912K, reserved 1048576K
Event: 48.196 GC heap after
Heap after GC invocations=49 (full 6):
 PSYoungGen      total 249344K, used 12768K [0x00000000f0000000, 0x0000000100000000, 0x0000000100000000)
  eden space 236544K, 0% used [0x00000000f0000000,0x00000000f0000000,0x00000000fe700000)
  from space 12800K, 99% used [0x00000000fe700000,0x00000000ff378020,0x00000000ff380000)
  to   space 12800K, 0% used [0x00000000ff380000,0x00000000ff380000,0x0000000100000000)
 ParOldGen       total 95232K, used 82076K [0x00000000d0000000, 0x00000000d5d00000, 0x00000000f0000000)
  object space 95232K, 86% used [0x00000000d0000000,0x00000000d5027320,0x00000000d5d00000)
 Metaspace       used 59282K, capacity 60970K, committed 61152K, reserved 1103872K
  class space    used 6405K, capacity 6892K, committed 6912K, reserved 1048576K
}
Event: 50.569 GC heap before
{Heap before GC invocations=50 (full 6):
 PSYoungGen      total 249344K, used 241239K [0x00000000f0000000, 0x0000000100000000, 0x0000000100000000)
  eden space 236544K, 96% used [0x00000000f0000000,0x00000000fdf1dd70,0x00000000fe700000)
  from space 12800K, 99% used [0x00000000fe700000,0x00000000ff378020,0x00000000ff380000)
  to   space 12800K, 0% used [0x00000000ff380000,0x00000000ff380000,0x0000000100000000)
 ParOldGen       total 95232K, used 82076K [0x00000000d0000000, 0x00000000d5d00000, 0x00000000f0000000)
  object space 95232K, 86% used [0x00000000d0000000,0x00000000d5027320,0x00000000d5d00000)
 Metaspace       used 60767K, capacity 62422K, committed 62688K, reserved 1105920K
  class space    used 6579K, capacity 7055K, committed 7168K, reserved 1048576K
Event: 50.627 GC heap after
Heap after GC invocations=50 (full 6):
 PSYoungGen      total 233984K, used 12768K [0x00000000f0000000, 0x0000000100000000, 0x0000000100000000)
  eden space 221184K, 0% used [0x00000000f0000000,0x00000000f0000000,0x00000000fd800000)
  from space 12800K, 99% used [0x00000000ff380000,0x00000000ffff8310,0x0000000100000000)
  to   space 20480K, 0% used [0x00000000fd800000,0x00000000fd800000,0x00000000fec00000)
 ParOldGen       total 95232K, used 87941K [0x00000000d0000000, 0x00000000d5d00000, 0x00000000f0000000)
  object space 95232K, 92% used [0x00000000d0000000,0x00000000d55e1438,0x00000000d5d00000)
 Metaspace       used 60767K, capacity 62422K, committed 62688K, reserved 1105920K
  class space    used 6579K, capacity 7055K, committed 7168K, reserved 1048576K
}
Event: 50.627 GC heap before
{Heap before GC invocations=51 (full 7):
 PSYoungGen      total 233984K, used 12768K [0x00000000f0000000, 0x0000000100000000, 0x0000000100000000)
  eden space 221184K, 0% used [0x00000000f0000000,0x00000000f0000000,0x00000000fd800000)
  from space 12800K, 99% used [0x00000000ff380000,0x00000000ffff8310,0x0000000100000000)
  to   space 20480K, 0% used [0x00000000fd800000,0x00000000fd800000,0x00000000fec00000)
 ParOldGen       total 95232K, used 87941K [0x00000000d0000000, 0x00000000d5d00000, 0x00000000f0000000)
  object space 95232K, 92% used [0x00000000d0000000,0x00000000d55e1438,0x00000000d5d00000)
 Metaspace       used 60767K, capacity 62422K, committed 62688K, reserved 1105920K
  class space    used 6579K, capacity 7055K, committed 7168K, reserved 1048576K
Event: 52.094 GC heap after
Heap after GC invocations=51 (full 7):
 PSYoungGen      total 233984K, used 3022K [0x00000000f0000000, 0x0000000100000000, 0x0000000100000000)
  eden space 221184K, 0% used [0x00000000f0000000,0x00000000f0000000,0x00000000fd800000)
  from space 12800K, 23% used [0x00000000ff380000,0x00000000ff6738e0,0x0000000100000000)
  to   space 20480K, 0% used [0x00000000fd800000,0x00000000fd800000,0x00000000fec00000)
 ParOldGen       total 113152K, used 94770K [0x00000000d0000000, 0x00000000d6e80000, 0x00000000f0000000)
  object space 113152K, 83% used [0x00000000d0000000,0x00000000d5c8c9a8,0x00000000d6e80000)
 Metaspace       used 60767K, capacity 62422K, committed 62688K, reserved 1105920K
  class space    used 6579K, capacity 7055K, committed 7168K, reserved 1048576K
}
Event: 55.312 GC heap before
{Heap before GC invocations=52 (full 7):
 PSYoungGen      total 233984K, used 214791K [0x00000000f0000000, 0x0000000100000000, 0x0000000100000000)
  eden space 221184K, 95% used [0x00000000f0000000,0x00000000fcece6e0,0x00000000fd800000)
  from space 12800K, 23% used [0x00000000ff380000,0x00000000ff6738e0,0x0000000100000000)
  to   space 20480K, 0% used [0x00000000fd800000,0x00000000fd800000,0x00000000fec00000)
 ParOldGen       total 113152K, used 94770K [0x00000000d0000000, 0x00000000d6e80000, 0x00000000f0000000)
  object space 113152K, 83% used [0x00000000d0000000,0x00000000d5c8c9a8,0x00000000d6e80000)
 Metaspace       used 62678K, capacity 64392K, committed 64736K, reserved 1105920K
  class space    used 6820K, capacity 7325K, committed 7424K, reserved 1048576K
Event: 55.359 GC heap after
Heap after GC invocations=52 (full 7):
 PSYoungGen      total 235520K, used 14115K [0x00000000f0000000, 0x0000000100000000, 0x0000000100000000)
  eden space 221184K, 0% used [0x00000000f0000000,0x00000000f0000000,0x00000000fd800000)
  from space 14336K, 98% used [0x00000000fd800000,0x00000000fe5c8fc8,0x00000000fe600000)
  to   space 21504K, 0% used [0x00000000feb00000,0x00000000feb00000,0x0000000100000000)
 ParOldGen       total 113152K, used 94946K [0x00000000d0000000, 0x00000000d6e80000, 0x00000000f0000000)
  object space 113152K, 83% used [0x00000000d0000000,0x00000000d5cb89a8,0x00000000d6e80000)
 Metaspace       used 62678K, capacity 64392K, committed 64736K, reserved 1105920K
  class space    used 6820K, capacity 7325K, committed 7424K, reserved 1048576K
}
Event: 56.987 GC heap before
{Heap before GC invocations=53 (full 7):
 PSYoungGen      total 235520K, used 235299K [0x00000000f0000000, 0x0000000100000000, 0x0000000100000000)
  eden space 221184K, 100% used [0x00000000f0000000,0x00000000fd800000,0x00000000fd800000)
  from space 14336K, 98% used [0x00000000fd800000,0x00000000fe5c8fc8,0x00000000fe600000)
  to   space 21504K, 0% used [0x00000000feb00000,0x00000000feb00000,0x0000000100000000)
 ParOldGen       total 113152K, used 94946K [0x00000000d0000000, 0x00000000d6e80000, 0x00000000f0000000)
  object space 113152K, 83% used [0x00000000d0000000,0x00000000d5cb89a8,0x00000000d6e80000)
 Metaspace       used 63543K, capacity 65274K, committed 65632K, reserved 1107968K
  class space    used 6949K, capacity 7448K, committed 7552K, reserved 1048576K
Event: 57.016 GC heap after
Heap after GC invocations=53 (full 7):
 PSYoungGen      total 235520K, used 18205K [0x00000000f0000000, 0x0000000100000000, 0x0000000100000000)
  eden space 214016K, 0% used [0x00000000f0000000,0x00000000f0000000,0x00000000fd100000)
  from space 21504K, 84% used [0x00000000feb00000,0x00000000ffcc75d8,0x0000000100000000)
  to   space 24064K, 0% used [0x00000000fd100000,0x00000000fd100000,0x00000000fe880000)
 ParOldGen       total 113152K, used 94954K [0x00000000d0000000, 0x00000000d6e80000, 0x00000000f0000000)
  object space 113152K, 83% used [0x00000000d0000000,0x00000000d5cba9a8,0x00000000d6e80000)
 Metaspace       used 63543K, capacity 65274K, committed 65632K, reserved 1107968K
  class space    used 6949K, capacity 7448K, committed 7552K, reserved 1048576K
}

