# JRE version: Java(TM) SE Runtime Environment (8.0_11-b12) (build 1.8.0_11-b12)
# Java VM: Java HotSpot(TM) 64-Bit Server VM (25.11-b03 mixed mode windows-amd64 compressed oops)
Heap:
 PSYoungGen      total 218112K, used 60285K [0x00000000f0000000, 0x0000000100000000, 0x0000000100000000)
  eden space 190464K, 17% used [0x00000000f0000000,0x00000000f2049108,0x00000000fba00000)
  from space 27648K, 98% used [0x00000000fba00000,0x00000000fd4965d8,0x00000000fd500000)
  to   space 38400K, 0% used [0x00000000fda80000,0x00000000fda80000,0x0000000100000000)
 ParOldGen       total 111616K, used 95100K [0x00000000d0000000, 0x00000000d6d00000, 0x00000000f0000000)
  object space 111616K, 85% used [0x00000000d0000000,0x00000000d5cdf358,0x00000000d6d00000)
 Metaspace       used 67064K, capacity 68986K, committed 69248K, reserved 1110016K
  class space    used 7492K, capacity 8051K, committed 8064K, reserved 1048576K
GC Heap History (10 events):
Event: 39.955 GC heap before
{Heap before GC invocations=56 (full 6):
 PSYoungGen      total 238592K, used 231835K [0x00000000f0000000, 0x0000000100000000, 0x0000000100000000)
  eden space 217088K, 97% used [0x00000000f0000000,0x00000000fcdb7a18,0x00000000fd400000)
  from space 21504K, 98% used [0x00000000fd400000,0x00000000fe8af400,0x00000000fe900000)
  to   space 23552K, 0% used [0x00000000fe900000,0x00000000fe900000,0x0000000100000000)
 ParOldGen       total 94720K, used 78561K [0x00000000d0000000, 0x00000000d5c80000, 0x00000000f0000000)
  object space 94720K, 82% used [0x00000000d0000000,0x00000000d4cb8790,0x00000000d5c80000)
 Metaspace       used 62996K, capacity 64728K, committed 65024K, reserved 1107968K
  class space    used 6873K, capacity 7357K, committed 7424K, reserved 1048576K
Event: 42.695 GC heap after
Heap after GC invocations=56 (full 6):
 PSYoungGen      total 221184K, used 23537K [0x00000000f0000000, 0x0000000100000000, 0x0000000100000000)
  eden space 197632K, 0% used [0x00000000f0000000,0x00000000f0000000,0x00000000fc100000)
  from space 23552K, 99% used [0x00000000fe900000,0x00000000ffffc5d0,0x0000000100000000)
  to   space 32256K, 0% used [0x00000000fc100000,0x00000000fc100000,0x00000000fe080000)
 ParOldGen       total 94720K, used 86353K [0x00000000d0000000, 0x00000000d5c80000, 0x00000000f0000000)
  object space 94720K, 91% used [0x00000000d0000000,0x00000000d5454458,0x00000000d5c80000)
 Metaspace       used 62996K, capacity 64728K, committed 65024K, reserved 1107968K
  class space    used 6873K, capacity 7357K, committed 7424K, reserved 1048576K
}
Event: 42.696 GC heap before
{Heap before GC invocations=57 (full 7):
 PSYoungGen      total 221184K, used 23537K [0x00000000f0000000, 0x0000000100000000, 0x0000000100000000)
  eden space 197632K, 0% used [0x00000000f0000000,0x00000000f0000000,0x00000000fc100000)
  from space 23552K, 99% used [0x00000000fe900000,0x00000000ffffc5d0,0x0000000100000000)
  to   space 32256K, 0% used [0x00000000fc100000,0x00000000fc100000,0x00000000fe080000)
 ParOldGen       total 94720K, used 86353K [0x00000000d0000000, 0x00000000d5c80000, 0x00000000f0000000)
  object space 94720K, 91% used [0x00000000d0000000,0x00000000d5454458,0x00000000d5c80000)
 Metaspace       used 62996K, capacity 64728K, committed 65024K, reserved 1107968K
  class space    used 6873K, capacity 7357K, committed 7424K, reserved 1048576K
Event: 45.045 GC heap after
Heap after GC invocations=57 (full 7):
 PSYoungGen      total 221184K, used 13751K [0x00000000f0000000, 0x0000000100000000, 0x0000000100000000)
  eden space 197632K, 0% used [0x00000000f0000000,0x00000000f0000000,0x00000000fc100000)
  from space 23552K, 58% used [0x00000000fe900000,0x00000000ff66dd48,0x0000000100000000)
  to   space 32256K, 0% used [0x00000000fc100000,0x00000000fc100000,0x00000000fe080000)
 ParOldGen       total 111616K, used 94606K [0x00000000d0000000, 0x00000000d6d00000, 0x00000000f0000000)
  object space 111616K, 84% used [0x00000000d0000000,0x00000000d5c63b48,0x00000000d6d00000)
 Metaspace       used 62992K, capacity 64722K, committed 65024K, reserved 1107968K
  class space    used 6872K, capacity 7356K, committed 7424K, reserved 1048576K
}
Event: 49.111 GC heap before
{Heap before GC invocations=58 (full 7):
 PSYoungGen      total 221184K, used 211383K [0x00000000f0000000, 0x0000000100000000, 0x0000000100000000)
  eden space 197632K, 100% used [0x00000000f0000000,0x00000000fc100000,0x00000000fc100000)
  from space 23552K, 58% used [0x00000000fe900000,0x00000000ff66dd48,0x0000000100000000)
  to   space 32256K, 0% used [0x00000000fc100000,0x00000000fc100000,0x00000000fe080000)
 ParOldGen       total 111616K, used 94606K [0x00000000d0000000, 0x00000000d6d00000, 0x00000000f0000000)
  object space 111616K, 84% used [0x00000000d0000000,0x00000000d5c63b48,0x00000000d6d00000)
 Metaspace       used 63741K, capacity 65534K, committed 65920K, reserved 1107968K
  class space    used 6995K, capacity 7468K, committed 7552K, reserved 1048576K
Event: 49.256 GC heap after
Heap after GC invocations=58 (full 7):
 PSYoungGen      total 218112K, used 20359K [0x00000000f0000000, 0x0000000100000000, 0x0000000100000000)
  eden space 197632K, 0% used [0x00000000f0000000,0x00000000f0000000,0x00000000fc100000)
  from space 20480K, 99% used [0x00000000fc100000,0x00000000fd4e1fa0,0x00000000fd500000)
  to   space 33280K, 0% used [0x00000000fdf80000,0x00000000fdf80000,0x0000000100000000)
 ParOldGen       total 111616K, used 94606K [0x00000000d0000000, 0x00000000d6d00000, 0x00000000f0000000)
  object space 111616K, 84% used [0x00000000d0000000,0x00000000d5c63b48,0x00000000d6d00000)
 Metaspace       used 63741K, capacity 65534K, committed 65920K, reserved 1107968K
  class space    used 6995K, capacity 7468K, committed 7552K, reserved 1048576K
}
Event: 50.783 GC heap before
{Heap before GC invocations=59 (full 7):
 PSYoungGen      total 218112K, used 215890K [0x00000000f0000000, 0x0000000100000000, 0x0000000100000000)
  eden space 197632K, 98% used [0x00000000f0000000,0x00000000fbef2b50,0x00000000fc100000)
  from space 20480K, 99% used [0x00000000fc100000,0x00000000fd4e1fa0,0x00000000fd500000)
  to   space 33280K, 0% used [0x00000000fdf80000,0x00000000fdf80000,0x0000000100000000)
 ParOldGen       total 111616K, used 94606K [0x00000000d0000000, 0x00000000d6d00000, 0x00000000f0000000)
  object space 111616K, 84% used [0x00000000d0000000,0x00000000d5c63b48,0x00000000d6d00000)
 Metaspace       used 65120K, capacity 66980K, committed 67200K, reserved 1107968K
  class space    used 7200K, capacity 7718K, committed 7808K, reserved 1048576K
Event: 50.864 GC heap after
Heap after GC invocations=59 (full 7):
 PSYoungGen      total 223744K, used 26110K [0x00000000f0000000, 0x0000000100000000, 0x0000000100000000)
  eden space 190464K, 0% used [0x00000000f0000000,0x00000000f0000000,0x00000000fba00000)
  from space 33280K, 78% used [0x00000000fdf80000,0x00000000ff8ffb28,0x0000000100000000)
  to   space 35840K, 0% used [0x00000000fba00000,0x00000000fba00000,0x00000000fdd00000)
 ParOldGen       total 111616K, used 94860K [0x00000000d0000000, 0x00000000d6d00000, 0x00000000f0000000)
  object space 111616K, 84% used [0x00000000d0000000,0x00000000d5ca3358,0x00000000d6d00000)
 Metaspace       used 65120K, capacity 66980K, committed 67200K, reserved 1107968K
  class space    used 7200K, capacity 7718K, committed 7808K, reserved 1048576K
}
Event: 51.883 GC heap before
{Heap before GC invocations=60 (full 7):
 PSYoungGen      total 223744K, used 216574K [0x00000000f0000000, 0x0000000100000000, 0x0000000100000000)
  eden space 190464K, 100% used [0x00000000f0000000,0x00000000fba00000,0x00000000fba00000)
  from space 33280K, 78% used [0x00000000fdf80000,0x00000000ff8ffb28,0x0000000100000000)
  to   space 35840K, 0% used [0x00000000fba00000,0x00000000fba00000,0x00000000fdd00000)
 ParOldGen       total 111616K, used 94860K [0x00000000d0000000, 0x00000000d6d00000, 0x00000000f0000000)
  object space 111616K, 84% used [0x00000000d0000000,0x00000000d5ca3358,0x00000000d6d00000)
 Metaspace       used 66728K, capacity 68698K, committed 68992K, reserved 1110016K
  class space    used 7443K, capacity 7992K, committed 8064K, reserved 1048576K
Event: 51.990 GC heap after
Heap after GC invocations=60 (full 7):
 PSYoungGen      total 218112K, used 27225K [0x00000000f0000000, 0x0000000100000000, 0x0000000100000000)
  eden space 190464K, 0% used [0x00000000f0000000,0x00000000f0000000,0x00000000fba00000)
  from space 27648K, 98% used [0x00000000fba00000,0x00000000fd4965d8,0x00000000fd500000)
  to   space 38400K, 0% used [0x00000000fda80000,0x00000000fda80000,0x0000000100000000)
 ParOldGen       total 111616K, used 95100K [0x00000000d0000000, 0x00000000d6d00000, 0x00000000f0000000)
  object space 111616K, 85% used [0x00000000d0000000,0x00000000d5cdf358,0x00000000d6d00000)
 Metaspace       used 66728K, capacity 68698K, committed 68992K, reserved 1110016K
  class space    used 7443K, capacity 7992K, committed 8064K, reserved 1048576K
}

