# JRE version: Java(TM) SE Runtime Environment (8.0_11-b12) (build 1.8.0_11-b12)
# Java VM: Java HotSpot(TM) 64-Bit Server VM (25.11-b03 mixed mode windows-amd64 compressed oops)
Heap:
 PSYoungGen      total 218112K, used 88993K [0x00000000f0000000, 0x0000000100000000, 0x0000000100000000)
  eden space 180224K, 32% used [0x00000000f0000000,0x00000000f39a06c0,0x00000000fb000000)
  from space 37888K, 79% used [0x00000000fdb00000,0x00000000ff847ec8,0x0000000100000000)
  to   space 40960K, 0% used [0x00000000fb000000,0x00000000fb000000,0x00000000fd800000)
 ParOldGen       total 97280K, used 80197K [0x00000000d0000000, 0x00000000d5f00000, 0x00000000f0000000)
  object space 97280K, 82% used [0x00000000d0000000,0x00000000d4e51500,0x00000000d5f00000)
 Metaspace       used 63448K, capacity 65190K, committed 65664K, reserved 1107968K
  class space    used 6943K, capacity 7444K, committed 7552K, reserved 1048576K
GC Heap History (10 events):
Event: 34.124 GC heap before
{Heap before GC invocations=52 (full 5):
 PSYoungGen      total 228864K, used 224521K [0x00000000f0000000, 0x0000000100000000, 0x0000000100000000)
  eden space 201728K, 99% used [0x00000000f0000000,0x00000000fc342140,0x00000000fc500000)
  from space 27136K, 90% used [0x00000000fe580000,0x00000000ffd80310,0x0000000100000000)
  to   space 30208K, 0% used [0x00000000fc500000,0x00000000fc500000,0x00000000fe280000)
 ParOldGen       total 80384K, used 64592K [0x00000000d0000000, 0x00000000d4e80000, 0x00000000f0000000)
  object space 80384K, 80% used [0x00000000d0000000,0x00000000d3f142b0,0x00000000d4e80000)
 Metaspace       used 59398K, capacity 61090K, committed 61440K, reserved 1103872K
  class space    used 6427K, capacity 6892K, committed 6912K, reserved 1048576K
Event: 34.369 GC heap after
Heap after GC invocations=52 (full 5):
 PSYoungGen      total 231936K, used 30202K [0x00000000f0000000, 0x0000000100000000, 0x0000000100000000)
  eden space 201728K, 0% used [0x00000000f0000000,0x00000000f0000000,0x00000000fc500000)
  from space 30208K, 99% used [0x00000000fc500000,0x00000000fe27e9c0,0x00000000fe280000)
  to   space 30208K, 0% used [0x00000000fe280000,0x00000000fe280000,0x0000000100000000)
 ParOldGen       total 80384K, used 65566K [0x00000000d0000000, 0x00000000d4e80000, 0x00000000f0000000)
  object space 80384K, 81% used [0x00000000d0000000,0x00000000d4007848,0x00000000d4e80000)
 Metaspace       used 59398K, capacity 61090K, committed 61440K, reserved 1103872K
  class space    used 6427K, capacity 6892K, committed 6912K, reserved 1048576K
}
Event: 35.253 GC heap before
{Heap before GC invocations=53 (full 5):
 PSYoungGen      total 231936K, used 226288K [0x00000000f0000000, 0x0000000100000000, 0x0000000100000000)
  eden space 201728K, 97% used [0x00000000f0000000,0x00000000fbf7d788,0x00000000fc500000)
  from space 30208K, 99% used [0x00000000fc500000,0x00000000fe27e9c0,0x00000000fe280000)
  to   space 30208K, 0% used [0x00000000fe280000,0x00000000fe280000,0x0000000100000000)
 ParOldGen       total 80384K, used 65566K [0x00000000d0000000, 0x00000000d4e80000, 0x00000000f0000000)
  object space 80384K, 81% used [0x00000000d0000000,0x00000000d4007848,0x00000000d4e80000)
 Metaspace       used 60737K, capacity 62478K, committed 62976K, reserved 1105920K
  class space    used 6578K, capacity 7055K, committed 7168K, reserved 1048576K
Event: 35.306 GC heap after
Heap after GC invocations=53 (full 5):
 PSYoungGen      total 218624K, used 23890K [0x00000000f0000000, 0x0000000100000000, 0x0000000100000000)
  eden space 188416K, 0% used [0x00000000f0000000,0x00000000f0000000,0x00000000fb800000)
  from space 30208K, 79% used [0x00000000fe280000,0x00000000ff9d49f0,0x0000000100000000)
  to   space 36864K, 0% used [0x00000000fb800000,0x00000000fb800000,0x00000000fdc00000)
 ParOldGen       total 80384K, used 76322K [0x00000000d0000000, 0x00000000d4e80000, 0x00000000f0000000)
  object space 80384K, 94% used [0x00000000d0000000,0x00000000d4a88a68,0x00000000d4e80000)
 Metaspace       used 60737K, capacity 62478K, committed 62976K, reserved 1105920K
  class space    used 6578K, capacity 7055K, committed 7168K, reserved 1048576K
}
Event: 35.306 GC heap before
{Heap before GC invocations=54 (full 6):
 PSYoungGen      total 218624K, used 23890K [0x00000000f0000000, 0x0000000100000000, 0x0000000100000000)
  eden space 188416K, 0% used [0x00000000f0000000,0x00000000f0000000,0x00000000fb800000)
  from space 30208K, 79% used [0x00000000fe280000,0x00000000ff9d49f0,0x0000000100000000)
  to   space 36864K, 0% used [0x00000000fb800000,0x00000000fb800000,0x00000000fdc00000)
 ParOldGen       total 80384K, used 76322K [0x00000000d0000000, 0x00000000d4e80000, 0x00000000f0000000)
  object space 80384K, 94% used [0x00000000d0000000,0x00000000d4a88a68,0x00000000d4e80000)
 Metaspace       used 60737K, capacity 62478K, committed 62976K, reserved 1105920K
  class space    used 6578K, capacity 7055K, committed 7168K, reserved 1048576K
Event: 36.518 GC heap after
Heap after GC invocations=54 (full 6):
 PSYoungGen      total 218624K, used 17543K [0x00000000f0000000, 0x0000000100000000, 0x0000000100000000)
  eden space 188416K, 0% used [0x00000000f0000000,0x00000000f0000000,0x00000000fb800000)
  from space 30208K, 58% used [0x00000000fe280000,0x00000000ff3a1f60,0x0000000100000000)
  to   space 36864K, 0% used [0x00000000fb800000,0x00000000fb800000,0x00000000fdc00000)
 ParOldGen       total 97280K, used 80181K [0x00000000d0000000, 0x00000000d5f00000, 0x00000000f0000000)
  object space 97280K, 82% used [0x00000000d0000000,0x00000000d4e4d500,0x00000000d5f00000)
 Metaspace       used 60737K, capacity 62478K, committed 62976K, reserved 1105920K
  class space    used 6578K, capacity 7055K, committed 7168K, reserved 1048576K
}
Event: 39.234 GC heap before
{Heap before GC invocations=55 (full 6):
 PSYoungGen      total 218624K, used 204751K [0x00000000f0000000, 0x0000000100000000, 0x0000000100000000)
  eden space 188416K, 99% used [0x00000000f0000000,0x00000000fb6d1dd8,0x00000000fb800000)
  from space 30208K, 58% used [0x00000000fe280000,0x00000000ff3a1f60,0x0000000100000000)
  to   space 36864K, 0% used [0x00000000fb800000,0x00000000fb800000,0x00000000fdc00000)
 ParOldGen       total 97280K, used 80181K [0x00000000d0000000, 0x00000000d5f00000, 0x00000000f0000000)
  object space 97280K, 82% used [0x00000000d0000000,0x00000000d4e4d500,0x00000000d5f00000)
 Metaspace       used 61636K, capacity 63354K, committed 63744K, reserved 1105920K
  class space    used 6664K, capacity 7132K, committed 7168K, reserved 1048576K
Event: 39.344 GC heap after
Heap after GC invocations=55 (full 6):
 PSYoungGen      total 212480K, used 23891K [0x00000000f0000000, 0x0000000100000000, 0x0000000100000000)
  eden space 188416K, 0% used [0x00000000f0000000,0x00000000f0000000,0x00000000fb800000)
  from space 24064K, 99% used [0x00000000fb800000,0x00000000fcf54cf8,0x00000000fcf80000)
  to   space 37888K, 0% used [0x00000000fdb00000,0x00000000fdb00000,0x0000000100000000)
 ParOldGen       total 97280K, used 80189K [0x00000000d0000000, 0x00000000d5f00000, 0x00000000f0000000)
  object space 97280K, 82% used [0x00000000d0000000,0x00000000d4e4f500,0x00000000d5f00000)
 Metaspace       used 61636K, capacity 63354K, committed 63744K, reserved 1105920K
  class space    used 6664K, capacity 7132K, committed 7168K, reserved 1048576K
}
Event: 40.417 GC heap before
{Heap before GC invocations=56 (full 6):
 PSYoungGen      total 212480K, used 212307K [0x00000000f0000000, 0x0000000100000000, 0x0000000100000000)
  eden space 188416K, 100% used [0x00000000f0000000,0x00000000fb800000,0x00000000fb800000)
  from space 24064K, 99% used [0x00000000fb800000,0x00000000fcf54cf8,0x00000000fcf80000)
  to   space 37888K, 0% used [0x00000000fdb00000,0x00000000fdb00000,0x0000000100000000)
 ParOldGen       total 97280K, used 80189K [0x00000000d0000000, 0x00000000d5f00000, 0x00000000f0000000)
  object space 97280K, 82% used [0x00000000d0000000,0x00000000d4e4f500,0x00000000d5f00000)
 Metaspace       used 63182K, capacity 64960K, committed 65280K, reserved 1107968K
  class space    used 6893K, capacity 7389K, committed 7424K, reserved 1048576K
Event: 40.448 GC heap after
Heap after GC invocations=56 (full 6):
 PSYoungGen      total 218112K, used 29983K [0x00000000f0000000, 0x0000000100000000, 0x0000000100000000)
  eden space 180224K, 0% used [0x00000000f0000000,0x00000000f0000000,0x00000000fb000000)
  from space 37888K, 79% used [0x00000000fdb00000,0x00000000ff847ec8,0x0000000100000000)
  to   space 40960K, 0% used [0x00000000fb000000,0x00000000fb000000,0x00000000fd800000)
 ParOldGen       total 97280K, used 80197K [0x00000000d0000000, 0x00000000d5f00000, 0x00000000f0000000)
  object space 97280K, 82% used [0x00000000d0000000,0x00000000d4e51500,0x00000000d5f00000)
 Metaspace       used 63182K, capacity 64960K, committed 65280K, reserved 1107968K
  class space    used 6893K, capacity 7389K, committed 7424K, reserved 1048576K
}

