# JRE version: Java(TM) SE Runtime Environment (8.0_11-b12) (build 1.8.0_11-b12)
# Java VM: Java HotSpot(TM) 64-Bit Server VM (25.11-b03 mixed mode windows-amd64 compressed oops)
Heap:
 PSYoungGen      total 236032K, used 36298K [0x00000000f0000000, 0x0000000100000000, 0x0000000100000000)
  eden space 212992K, 9% used [0x00000000f0000000,0x00000000f12cfea0,0x00000000fd000000)
  from space 23040K, 73% used [0x00000000fe980000,0x00000000ffa22bc8,0x0000000100000000)
  to   space 24576K, 0% used [0x00000000fd000000,0x00000000fd000000,0x00000000fe800000)
 ParOldGen       total 115200K, used 97523K [0x00000000d0000000, 0x00000000d7080000, 0x00000000f0000000)
  object space 115200K, 84% used [0x00000000d0000000,0x00000000d5f3cca0,0x00000000d7080000)
 Metaspace       used 64132K, capacity 65820K, committed 66176K, reserved 1107968K
  class space    used 7015K, capacity 7485K, committed 7600K, reserved 1048576K
GC Heap History (10 events):
Event: 24.995 GC heap before
{Heap before GC invocations=48 (full 6):
 PSYoungGen      total 245248K, used 237833K [0x00000000f0000000, 0x0000000100000000, 0x0000000100000000)
  eden space 230912K, 100% used [0x00000000f0000000,0x00000000fe180000,0x00000000fe180000)
  from space 14336K, 48% used [0x00000000fe180000,0x00000000fe842498,0x00000000fef80000)
  to   space 14336K, 0% used [0x00000000ff200000,0x00000000ff200000,0x0000000100000000)
 ParOldGen       total 97792K, used 78885K [0x00000000d0000000, 0x00000000d5f80000, 0x00000000f0000000)
  object space 97792K, 80% used [0x00000000d0000000,0x00000000d4d09460,0x00000000d5f80000)
 Metaspace       used 58675K, capacity 60324K, committed 60800K, reserved 1103872K
  class space    used 6313K, capacity 6778K, committed 6832K, reserved 1048576K
Event: 25.005 GC heap after
Heap after GC invocations=48 (full 6):
 PSYoungGen      total 245760K, used 10169K [0x00000000f0000000, 0x0000000100000000, 0x0000000100000000)
  eden space 231424K, 0% used [0x00000000f0000000,0x00000000f0000000,0x00000000fe200000)
  from space 14336K, 70% used [0x00000000ff200000,0x00000000ffbee720,0x0000000100000000)
  to   space 15360K, 0% used [0x00000000fe200000,0x00000000fe200000,0x00000000ff100000)
 ParOldGen       total 97792K, used 78893K [0x00000000d0000000, 0x00000000d5f80000, 0x00000000f0000000)
  object space 97792K, 80% used [0x00000000d0000000,0x00000000d4d0b460,0x00000000d5f80000)
 Metaspace       used 58675K, capacity 60324K, committed 60800K, reserved 1103872K
  class space    used 6313K, capacity 6778K, committed 6832K, reserved 1048576K
}
Event: 26.307 GC heap before
{Heap before GC invocations=49 (full 6):
 PSYoungGen      total 245760K, used 241593K [0x00000000f0000000, 0x0000000100000000, 0x0000000100000000)
  eden space 231424K, 100% used [0x00000000f0000000,0x00000000fe200000,0x00000000fe200000)
  from space 14336K, 70% used [0x00000000ff200000,0x00000000ffbee720,0x0000000100000000)
  to   space 15360K, 0% used [0x00000000fe200000,0x00000000fe200000,0x00000000ff100000)
 ParOldGen       total 97792K, used 78893K [0x00000000d0000000, 0x00000000d5f80000, 0x00000000f0000000)
  object space 97792K, 80% used [0x00000000d0000000,0x00000000d4d0b460,0x00000000d5f80000)
 Metaspace       used 59789K, capacity 61498K, committed 61696K, reserved 1103872K
  class space    used 6460K, capacity 6924K, committed 6960K, reserved 1048576K
Event: 26.336 GC heap after
Heap after GC invocations=49 (full 6):
 PSYoungGen      total 246784K, used 15342K [0x00000000f0000000, 0x0000000100000000, 0x0000000100000000)
  eden space 231424K, 0% used [0x00000000f0000000,0x00000000f0000000,0x00000000fe200000)
  from space 15360K, 99% used [0x00000000fe200000,0x00000000ff0fb850,0x00000000ff100000)
  to   space 15360K, 0% used [0x00000000ff100000,0x00000000ff100000,0x0000000100000000)
 ParOldGen       total 97792K, used 81301K [0x00000000d0000000, 0x00000000d5f80000, 0x00000000f0000000)
  object space 97792K, 83% used [0x00000000d0000000,0x00000000d4f654c0,0x00000000d5f80000)
 Metaspace       used 59789K, capacity 61498K, committed 61696K, reserved 1103872K
  class space    used 6460K, capacity 6924K, committed 6960K, reserved 1048576K
}
Event: 27.162 GC heap before
{Heap before GC invocations=50 (full 6):
 PSYoungGen      total 246784K, used 244611K [0x00000000f0000000, 0x0000000100000000, 0x0000000100000000)
  eden space 231424K, 99% used [0x00000000f0000000,0x00000000fdfe5508,0x00000000fe200000)
  from space 15360K, 99% used [0x00000000fe200000,0x00000000ff0fb850,0x00000000ff100000)
  to   space 15360K, 0% used [0x00000000ff100000,0x00000000ff100000,0x0000000100000000)
 ParOldGen       total 97792K, used 81301K [0x00000000d0000000, 0x00000000d5f80000, 0x00000000f0000000)
  object space 97792K, 83% used [0x00000000d0000000,0x00000000d4f654c0,0x00000000d5f80000)
 Metaspace       used 61226K, capacity 62886K, committed 63104K, reserved 1105920K
  class space    used 6627K, capacity 7087K, committed 7088K, reserved 1048576K
Event: 27.178 GC heap after
Heap after GC invocations=50 (full 6):
 PSYoungGen      total 231424K, used 15344K [0x00000000f0000000, 0x0000000100000000, 0x0000000100000000)
  eden space 216064K, 0% used [0x00000000f0000000,0x00000000f0000000,0x00000000fd300000)
  from space 15360K, 99% used [0x00000000ff100000,0x00000000ffffc030,0x0000000100000000)
  to   space 23040K, 0% used [0x00000000fd300000,0x00000000fd300000,0x00000000fe980000)
 ParOldGen       total 97792K, used 86728K [0x00000000d0000000, 0x00000000d5f80000, 0x00000000f0000000)
  object space 97792K, 88% used [0x00000000d0000000,0x00000000d54b2280,0x00000000d5f80000)
 Metaspace       used 61226K, capacity 62886K, committed 63104K, reserved 1105920K
  class space    used 6627K, capacity 7087K, committed 7088K, reserved 1048576K
}
Event: 27.178 GC heap before
{Heap before GC invocations=51 (full 7):
 PSYoungGen      total 231424K, used 15344K [0x00000000f0000000, 0x0000000100000000, 0x0000000100000000)
  eden space 216064K, 0% used [0x00000000f0000000,0x00000000f0000000,0x00000000fd300000)
  from space 15360K, 99% used [0x00000000ff100000,0x00000000ffffc030,0x0000000100000000)
  to   space 23040K, 0% used [0x00000000fd300000,0x00000000fd300000,0x00000000fe980000)
 ParOldGen       total 97792K, used 86728K [0x00000000d0000000, 0x00000000d5f80000, 0x00000000f0000000)
  object space 97792K, 88% used [0x00000000d0000000,0x00000000d54b2280,0x00000000d5f80000)
 Metaspace       used 61226K, capacity 62886K, committed 63104K, reserved 1105920K
  class space    used 6627K, capacity 7087K, committed 7088K, reserved 1048576K
Event: 28.147 GC heap after
Heap after GC invocations=51 (full 7):
 PSYoungGen      total 231424K, used 1506K [0x00000000f0000000, 0x0000000100000000, 0x0000000100000000)
  eden space 216064K, 0% used [0x00000000f0000000,0x00000000f0000000,0x00000000fd300000)
  from space 15360K, 9% used [0x00000000ff100000,0x00000000ff278880,0x0000000100000000)
  to   space 23040K, 0% used [0x00000000fd300000,0x00000000fd300000,0x00000000fe980000)
 ParOldGen       total 115200K, used 97323K [0x00000000d0000000, 0x00000000d7080000, 0x00000000f0000000)
  object space 115200K, 84% used [0x00000000d0000000,0x00000000d5f0ae98,0x00000000d7080000)
 Metaspace       used 61226K, capacity 62886K, committed 63104K, reserved 1105920K
  class space    used 6627K, capacity 7087K, committed 7088K, reserved 1048576K
}
Event: 29.710 GC heap before
{Heap before GC invocations=52 (full 7):
 PSYoungGen      total 231424K, used 217570K [0x00000000f0000000, 0x0000000100000000, 0x0000000100000000)
  eden space 216064K, 100% used [0x00000000f0000000,0x00000000fd300000,0x00000000fd300000)
  from space 15360K, 9% used [0x00000000ff100000,0x00000000ff278880,0x0000000100000000)
  to   space 23040K, 0% used [0x00000000fd300000,0x00000000fd300000,0x00000000fe980000)
 ParOldGen       total 115200K, used 97323K [0x00000000d0000000, 0x00000000d7080000, 0x00000000f0000000)
  object space 115200K, 84% used [0x00000000d0000000,0x00000000d5f0ae98,0x00000000d7080000)
 Metaspace       used 63178K, capacity 64856K, committed 65280K, reserved 1107968K
  class space    used 6873K, capacity 7357K, committed 7472K, reserved 1048576K
Event: 29.740 GC heap after
Heap after GC invocations=52 (full 7):
 PSYoungGen      total 239104K, used 12877K [0x00000000f0000000, 0x0000000100000000, 0x0000000100000000)
  eden space 216064K, 0% used [0x00000000f0000000,0x00000000f0000000,0x00000000fd300000)
  from space 23040K, 55% used [0x00000000fd300000,0x00000000fdf93460,0x00000000fe980000)
  to   space 23040K, 0% used [0x00000000fe980000,0x00000000fe980000,0x0000000100000000)
 ParOldGen       total 115200K, used 97515K [0x00000000d0000000, 0x00000000d7080000, 0x00000000f0000000)
  object space 115200K, 84% used [0x00000000d0000000,0x00000000d5f3aca0,0x00000000d7080000)
 Metaspace       used 63178K, capacity 64856K, committed 65280K, reserved 1107968K
  class space    used 6873K, capacity 7357K, committed 7472K, reserved 1048576K
}

