# JRE version: Java(TM) SE Runtime Environment (8.0_11-b12) (build 1.8.0_11-b12)
# Java VM: Java HotSpot(TM) 64-Bit Server VM (25.11-b03 mixed mode windows-amd64 compressed oops)
Heap:
 PSYoungGen      total 225792K, used 146214K [0x00000000f0000000, 0x0000000100000000, 0x0000000100000000)
  eden space 205824K, 61% used [0x00000000f0000000,0x00000000f7bc33b0,0x00000000fc900000)
  from space 19968K, 97% used [0x00000000fc900000,0x00000000fdc06598,0x00000000fdc80000)
  to   space 29696K, 0% used [0x00000000fe300000,0x00000000fe300000,0x0000000100000000)
 ParOldGen       total 111104K, used 93315K [0x00000000d0000000, 0x00000000d6c80000, 0x00000000f0000000)
  object space 111104K, 83% used [0x00000000d0000000,0x00000000d5b20dd8,0x00000000d6c80000)
 Metaspace       used 64188K, capacity 65926K, committed 66176K, reserved 1107968K
  class space    used 7060K, capacity 7552K, committed 7552K, reserved 1048576K
GC Heap History (10 events):
Event: 31.213 GC heap before
{Heap before GC invocations=66 (full 6):
 PSYoungGen      total 244224K, used 241312K [0x00000000f0000000, 0x0000000100000000, 0x0000000100000000)
  eden space 230912K, 100% used [0x00000000f0000000,0x00000000fe180000,0x00000000fe180000)
  from space 13312K, 78% used [0x00000000fe180000,0x00000000feba8288,0x00000000fee80000)
  to   space 14336K, 0% used [0x00000000ff200000,0x00000000ff200000,0x0000000100000000)
 ParOldGen       total 91136K, used 75319K [0x00000000d0000000, 0x00000000d5900000, 0x00000000f0000000)
  object space 91136K, 82% used [0x00000000d0000000,0x00000000d498dd88,0x00000000d5900000)
 Metaspace       used 59161K, capacity 60802K, committed 61184K, reserved 1103872K
  class space    used 6399K, capacity 6860K, committed 6912K, reserved 1048576K
Event: 31.347 GC heap after
Heap after GC invocations=66 (full 6):
 PSYoungGen      total 240640K, used 14320K [0x00000000f0000000, 0x0000000100000000, 0x0000000100000000)
  eden space 226304K, 0% used [0x00000000f0000000,0x00000000f0000000,0x00000000fdd00000)
  from space 14336K, 99% used [0x00000000ff200000,0x00000000ffffc010,0x0000000100000000)
  to   space 17920K, 0% used [0x00000000fdd00000,0x00000000fdd00000,0x00000000fee80000)
 ParOldGen       total 91136K, used 78504K [0x00000000d0000000, 0x00000000d5900000, 0x00000000f0000000)
  object space 91136K, 86% used [0x00000000d0000000,0x00000000d4caa0a8,0x00000000d5900000)
 Metaspace       used 59161K, capacity 60802K, committed 61184K, reserved 1103872K
  class space    used 6399K, capacity 6860K, committed 6912K, reserved 1048576K
}
Event: 32.721 GC heap before
{Heap before GC invocations=67 (full 6):
 PSYoungGen      total 240640K, used 239905K [0x00000000f0000000, 0x0000000100000000, 0x0000000100000000)
  eden space 226304K, 99% used [0x00000000f0000000,0x00000000fdc4c688,0x00000000fdd00000)
  from space 14336K, 99% used [0x00000000ff200000,0x00000000ffffc010,0x0000000100000000)
  to   space 17920K, 0% used [0x00000000fdd00000,0x00000000fdd00000,0x00000000fee80000)
 ParOldGen       total 91136K, used 78504K [0x00000000d0000000, 0x00000000d5900000, 0x00000000f0000000)
  object space 91136K, 86% used [0x00000000d0000000,0x00000000d4caa0a8,0x00000000d5900000)
 Metaspace       used 60707K, capacity 62414K, committed 62720K, reserved 1105920K
  class space    used 6581K, capacity 7055K, committed 7168K, reserved 1048576K
Event: 32.789 GC heap after
Heap after GC invocations=67 (full 6):
 PSYoungGen      total 244224K, used 17901K [0x00000000f0000000, 0x0000000100000000, 0x0000000100000000)
  eden space 226304K, 0% used [0x00000000f0000000,0x00000000f0000000,0x00000000fdd00000)
  from space 17920K, 99% used [0x00000000fdd00000,0x00000000fee7b7e8,0x00000000fee80000)
  to   space 17920K, 0% used [0x00000000fee80000,0x00000000fee80000,0x0000000100000000)
 ParOldGen       total 91136K, used 81246K [0x00000000d0000000, 0x00000000d5900000, 0x00000000f0000000)
  object space 91136K, 89% used [0x00000000d0000000,0x00000000d4f57b80,0x00000000d5900000)
 Metaspace       used 60707K, capacity 62414K, committed 62720K, reserved 1105920K
  class space    used 6581K, capacity 7055K, committed 7168K, reserved 1048576K
}
Event: 35.227 GC heap before
{Heap before GC invocations=68 (full 6):
 PSYoungGen      total 244224K, used 241359K [0x00000000f0000000, 0x0000000100000000, 0x0000000100000000)
  eden space 226304K, 98% used [0x00000000f0000000,0x00000000fda38498,0x00000000fdd00000)
  from space 17920K, 99% used [0x00000000fdd00000,0x00000000fee7b7e8,0x00000000fee80000)
  to   space 17920K, 0% used [0x00000000fee80000,0x00000000fee80000,0x0000000100000000)
 ParOldGen       total 91136K, used 81246K [0x00000000d0000000, 0x00000000d5900000, 0x00000000f0000000)
  object space 91136K, 89% used [0x00000000d0000000,0x00000000d4f57b80,0x00000000d5900000)
 Metaspace       used 62630K, capacity 64320K, committed 64768K, reserved 1105920K
  class space    used 6823K, capacity 7325K, committed 7424K, reserved 1048576K
Event: 35.334 GC heap after
Heap after GC invocations=68 (full 6):
 PSYoungGen      total 223744K, used 17905K [0x00000000f0000000, 0x0000000100000000, 0x0000000100000000)
  eden space 205824K, 0% used [0x00000000f0000000,0x00000000f0000000,0x00000000fc900000)
  from space 17920K, 99% used [0x00000000fee80000,0x00000000ffffc5b0,0x0000000100000000)
  to   space 28160K, 0% used [0x00000000fc900000,0x00000000fc900000,0x00000000fe480000)
 ParOldGen       total 92672K, used 92299K [0x00000000d0000000, 0x00000000d5a80000, 0x00000000f0000000)
  object space 92672K, 99% used [0x00000000d0000000,0x00000000d5a22ee8,0x00000000d5a80000)
 Metaspace       used 62630K, capacity 64320K, committed 64768K, reserved 1105920K
  class space    used 6823K, capacity 7325K, committed 7424K, reserved 1048576K
}
Event: 35.334 GC heap before
{Heap before GC invocations=69 (full 7):
 PSYoungGen      total 223744K, used 17905K [0x00000000f0000000, 0x0000000100000000, 0x0000000100000000)
  eden space 205824K, 0% used [0x00000000f0000000,0x00000000f0000000,0x00000000fc900000)
  from space 17920K, 99% used [0x00000000fee80000,0x00000000ffffc5b0,0x0000000100000000)
  to   space 28160K, 0% used [0x00000000fc900000,0x00000000fc900000,0x00000000fe480000)
 ParOldGen       total 92672K, used 92299K [0x00000000d0000000, 0x00000000d5a80000, 0x00000000f0000000)
  object space 92672K, 99% used [0x00000000d0000000,0x00000000d5a22ee8,0x00000000d5a80000)
 Metaspace       used 62630K, capacity 64320K, committed 64768K, reserved 1105920K
  class space    used 6823K, capacity 7325K, committed 7424K, reserved 1048576K
Event: 37.104 GC heap after
Heap after GC invocations=69 (full 7):
 PSYoungGen      total 223744K, used 16252K [0x00000000f0000000, 0x0000000100000000, 0x0000000100000000)
  eden space 205824K, 0% used [0x00000000f0000000,0x00000000f0000000,0x00000000fc900000)
  from space 17920K, 90% used [0x00000000fee80000,0x00000000ffe5f1e0,0x0000000100000000)
  to   space 28160K, 0% used [0x00000000fc900000,0x00000000fc900000,0x00000000fe480000)
 ParOldGen       total 111104K, used 92259K [0x00000000d0000000, 0x00000000d6c80000, 0x00000000f0000000)
  object space 111104K, 83% used [0x00000000d0000000,0x00000000d5a18dd8,0x00000000d6c80000)
 Metaspace       used 62626K, capacity 64314K, committed 64768K, reserved 1105920K
  class space    used 6823K, capacity 7324K, committed 7424K, reserved 1048576K
}
Event: 38.182 GC heap before
{Heap before GC invocations=70 (full 7):
 PSYoungGen      total 223744K, used 215074K [0x00000000f0000000, 0x0000000100000000, 0x0000000100000000)
  eden space 205824K, 96% used [0x00000000f0000000,0x00000000fc2297e0,0x00000000fc900000)
  from space 17920K, 90% used [0x00000000fee80000,0x00000000ffe5f1e0,0x0000000100000000)
  to   space 28160K, 0% used [0x00000000fc900000,0x00000000fc900000,0x00000000fe480000)
 ParOldGen       total 111104K, used 92259K [0x00000000d0000000, 0x00000000d6c80000, 0x00000000f0000000)
  object space 111104K, 83% used [0x00000000d0000000,0x00000000d5a18dd8,0x00000000d6c80000)
 Metaspace       used 63358K, capacity 65024K, committed 65280K, reserved 1107968K
  class space    used 6920K, capacity 7390K, committed 7424K, reserved 1048576K
Event: 38.278 GC heap after
Heap after GC invocations=70 (full 7):
 PSYoungGen      total 225792K, used 19481K [0x00000000f0000000, 0x0000000100000000, 0x0000000100000000)
  eden space 205824K, 0% used [0x00000000f0000000,0x00000000f0000000,0x00000000fc900000)
  from space 19968K, 97% used [0x00000000fc900000,0x00000000fdc06598,0x00000000fdc80000)
  to   space 29696K, 0% used [0x00000000fe300000,0x00000000fe300000,0x0000000100000000)
 ParOldGen       total 111104K, used 93315K [0x00000000d0000000, 0x00000000d6c80000, 0x00000000f0000000)
  object space 111104K, 83% used [0x00000000d0000000,0x00000000d5b20dd8,0x00000000d6c80000)
 Metaspace       used 63358K, capacity 65024K, committed 65280K, reserved 1107968K
  class space    used 6920K, capacity 7390K, committed 7424K, reserved 1048576K
}

