# JRE version: Java(TM) SE Runtime Environment (8.0_11-b12) (build 1.8.0_11-b12)
# Java VM: Java HotSpot(TM) 64-Bit Server VM (25.11-b03 mixed mode windows-amd64 compressed oops)
Heap:
 PSYoungGen      total 212480K, used 81242K [0x00000000f0000000, 0x0000000100000000, 0x0000000100000000)
  eden space 175104K, 25% used [0x00000000f0000000,0x00000000f2aeff68,0x00000000fab00000)
  from space 37376K, 99% used [0x00000000fab00000,0x00000000fcf66b30,0x00000000fcf80000)
  to   space 48640K, 0% used [0x00000000fd080000,0x00000000fd080000,0x0000000100000000)
 ParOldGen       total 93184K, used 77606K [0x00000000d0000000, 0x00000000d5b00000, 0x00000000f0000000)
  object space 93184K, 83% used [0x00000000d0000000,0x00000000d4bc9b50,0x00000000d5b00000)
 Metaspace       used 64142K, capacity 65950K, committed 66164K, reserved 1107968K
  class space    used 7042K, capacity 7539K, committed 7552K, reserved 1048576K
GC Heap History (10 events):
Event: 74.858 GC heap before
{Heap before GC invocations=61 (full 6):
 PSYoungGen      total 218624K, used 191249K [0x00000000f0000000, 0x00000000ff900000, 0x0000000100000000)
  eden space 181248K, 100% used [0x00000000f0000000,0x00000000fb100000,0x00000000fb100000)
  from space 37376K, 26% used [0x00000000fd480000,0x00000000fde44458,0x00000000ff900000)
  to   space 36352K, 0% used [0x00000000fb100000,0x00000000fb100000,0x00000000fd480000)
 ParOldGen       total 93184K, used 77582K [0x00000000d0000000, 0x00000000d5b00000, 0x00000000f0000000)
  object space 93184K, 83% used [0x00000000d0000000,0x00000000d4bc3b50,0x00000000d5b00000)
 Metaspace       used 59166K, capacity 60810K, committed 61172K, reserved 1103872K
  class space    used 6398K, capacity 6860K, committed 6912K, reserved 1048576K
Event: 74.966 GC heap after
Heap after GC invocations=61 (full 6):
 PSYoungGen      total 217600K, used 15864K [0x00000000f0000000, 0x00000000ffd00000, 0x0000000100000000)
  eden space 181248K, 0% used [0x00000000f0000000,0x00000000f0000000,0x00000000fb100000)
  from space 36352K, 43% used [0x00000000fb100000,0x00000000fc07e0f8,0x00000000fd480000)
  to   space 35328K, 0% used [0x00000000fda80000,0x00000000fda80000,0x00000000ffd00000)
 ParOldGen       total 93184K, used 77582K [0x00000000d0000000, 0x00000000d5b00000, 0x00000000f0000000)
  object space 93184K, 83% used [0x00000000d0000000,0x00000000d4bc3b50,0x00000000d5b00000)
 Metaspace       used 59166K, capacity 60810K, committed 61172K, reserved 1103872K
  class space    used 6398K, capacity 6860K, committed 6912K, reserved 1048576K
}
Event: 76.562 GC heap before
{Heap before GC invocations=62 (full 6):
 PSYoungGen      total 217600K, used 196969K [0x00000000f0000000, 0x00000000ffd00000, 0x0000000100000000)
  eden space 181248K, 99% used [0x00000000f0000000,0x00000000fb0dc540,0x00000000fb100000)
  from space 36352K, 43% used [0x00000000fb100000,0x00000000fc07e0f8,0x00000000fd480000)
  to   space 35328K, 0% used [0x00000000fda80000,0x00000000fda80000,0x00000000ffd00000)
 ParOldGen       total 93184K, used 77582K [0x00000000d0000000, 0x00000000d5b00000, 0x00000000f0000000)
  object space 93184K, 83% used [0x00000000d0000000,0x00000000d4bc3b50,0x00000000d5b00000)
 Metaspace       used 60302K, capacity 61974K, committed 62324K, reserved 1103872K
  class space    used 6521K, capacity 6991K, committed 7040K, reserved 1048576K
Event: 76.652 GC heap after
Heap after GC invocations=62 (full 6):
 PSYoungGen      total 222208K, used 21151K [0x00000000f0000000, 0x0000000100000000, 0x0000000100000000)
  eden space 186880K, 0% used [0x00000000f0000000,0x00000000f0000000,0x00000000fb680000)
  from space 35328K, 59% used [0x00000000fda80000,0x00000000fef27c48,0x00000000ffd00000)
  to   space 36864K, 0% used [0x00000000fb680000,0x00000000fb680000,0x00000000fda80000)
 ParOldGen       total 93184K, used 77590K [0x00000000d0000000, 0x00000000d5b00000, 0x00000000f0000000)
  object space 93184K, 83% used [0x00000000d0000000,0x00000000d4bc5b50,0x00000000d5b00000)
 Metaspace       used 60302K, capacity 61974K, committed 62324K, reserved 1103872K
  class space    used 6521K, capacity 6991K, committed 7040K, reserved 1048576K
}
Event: 80.193 GC heap before
{Heap before GC invocations=63 (full 6):
 PSYoungGen      total 222208K, used 208031K [0x00000000f0000000, 0x0000000100000000, 0x0000000100000000)
  eden space 186880K, 100% used [0x00000000f0000000,0x00000000fb680000,0x00000000fb680000)
  from space 35328K, 59% used [0x00000000fda80000,0x00000000fef27c48,0x00000000ffd00000)
  to   space 36864K, 0% used [0x00000000fb680000,0x00000000fb680000,0x00000000fda80000)
 ParOldGen       total 93184K, used 77590K [0x00000000d0000000, 0x00000000d5b00000, 0x00000000f0000000)
  object space 93184K, 83% used [0x00000000d0000000,0x00000000d4bc5b50,0x00000000d5b00000)
 Metaspace       used 61315K, capacity 62946K, committed 63476K, reserved 1105920K
  class space    used 6630K, capacity 7100K, committed 7168K, reserved 1048576K
Event: 80.268 GC heap after
Heap after GC invocations=63 (full 6):
 PSYoungGen      total 211968K, used 24687K [0x00000000f0000000, 0x0000000100000000, 0x0000000100000000)
  eden space 186880K, 0% used [0x00000000f0000000,0x00000000f0000000,0x00000000fb680000)
  from space 25088K, 98% used [0x00000000fb680000,0x00000000fce9bce0,0x00000000fcf00000)
  to   space 38912K, 0% used [0x00000000fda00000,0x00000000fda00000,0x0000000100000000)
 ParOldGen       total 93184K, used 77598K [0x00000000d0000000, 0x00000000d5b00000, 0x00000000f0000000)
  object space 93184K, 83% used [0x00000000d0000000,0x00000000d4bc7b50,0x00000000d5b00000)
 Metaspace       used 61315K, capacity 62946K, committed 63476K, reserved 1105920K
  class space    used 6630K, capacity 7100K, committed 7168K, reserved 1048576K
}
Event: 83.128 GC heap before
{Heap before GC invocations=64 (full 6):
 PSYoungGen      total 211968K, used 211567K [0x00000000f0000000, 0x0000000100000000, 0x0000000100000000)
  eden space 186880K, 100% used [0x00000000f0000000,0x00000000fb680000,0x00000000fb680000)
  from space 25088K, 98% used [0x00000000fb680000,0x00000000fce9bce0,0x00000000fcf00000)
  to   space 38912K, 0% used [0x00000000fda00000,0x00000000fda00000,0x0000000100000000)
 ParOldGen       total 93184K, used 77598K [0x00000000d0000000, 0x00000000d5b00000, 0x00000000f0000000)
  object space 93184K, 83% used [0x00000000d0000000,0x00000000d4bc7b50,0x00000000d5b00000)
 Metaspace       used 63067K, capacity 64744K, committed 65268K, reserved 1107968K
  class space    used 6880K, capacity 7357K, committed 7424K, reserved 1048576K
Event: 83.166 GC heap after
Heap after GC invocations=64 (full 6):
 PSYoungGen      total 214016K, used 32511K [0x00000000f0000000, 0x0000000100000000, 0x0000000100000000)
  eden space 175104K, 0% used [0x00000000f0000000,0x00000000f0000000,0x00000000fab00000)
  from space 38912K, 83% used [0x00000000fda00000,0x00000000ff9bfdc8,0x0000000100000000)
  to   space 43520K, 0% used [0x00000000fab00000,0x00000000fab00000,0x00000000fd580000)
 ParOldGen       total 93184K, used 77606K [0x00000000d0000000, 0x00000000d5b00000, 0x00000000f0000000)
  object space 93184K, 83% used [0x00000000d0000000,0x00000000d4bc9b50,0x00000000d5b00000)
 Metaspace       used 63067K, capacity 64744K, committed 65268K, reserved 1107968K
  class space    used 6880K, capacity 7357K, committed 7424K, reserved 1048576K
}
Event: 84.856 GC heap before
{Heap before GC invocations=65 (full 6):
 PSYoungGen      total 214016K, used 207615K [0x00000000f0000000, 0x0000000100000000, 0x0000000100000000)
  eden space 175104K, 100% used [0x00000000f0000000,0x00000000fab00000,0x00000000fab00000)
  from space 38912K, 83% used [0x00000000fda00000,0x00000000ff9bfdc8,0x0000000100000000)
  to   space 43520K, 0% used [0x00000000fab00000,0x00000000fab00000,0x00000000fd580000)
 ParOldGen       total 93184K, used 77606K [0x00000000d0000000, 0x00000000d5b00000, 0x00000000f0000000)
  object space 93184K, 83% used [0x00000000d0000000,0x00000000d4bc9b50,0x00000000d5b00000)
 Metaspace       used 63833K, capacity 65578K, committed 65908K, reserved 1107968K
  class space    used 7006K, capacity 7500K, committed 7552K, reserved 1048576K
Event: 84.965 GC heap after
Heap after GC invocations=65 (full 6):
 PSYoungGen      total 212480K, used 37274K [0x00000000f0000000, 0x0000000100000000, 0x0000000100000000)
  eden space 175104K, 0% used [0x00000000f0000000,0x00000000f0000000,0x00000000fab00000)
  from space 37376K, 99% used [0x00000000fab00000,0x00000000fcf66b30,0x00000000fcf80000)
  to   space 48640K, 0% used [0x00000000fd080000,0x00000000fd080000,0x0000000100000000)
 ParOldGen       total 93184K, used 77606K [0x00000000d0000000, 0x00000000d5b00000, 0x00000000f0000000)
  object space 93184K, 83% used [0x00000000d0000000,0x00000000d4bc9b50,0x00000000d5b00000)
 Metaspace       used 63833K, capacity 65578K, committed 65908K, reserved 1107968K
  class space    used 7006K, capacity 7500K, committed 7552K, reserved 1048576K
}

